{"/home/bathan1/dev/medfetch.js/medfetch/src/data.schema.ts": {"path":"/home/bathan1/dev/medfetch.js/medfetch/src/data.schema.ts","all":false,"statementMap":{"0":{"start":{"line":1,"column":0},"end":{"line":1,"column":45}},"2":{"start":{"line":3,"column":0},"end":{"line":3,"column":27}},"3":{"start":{"line":4,"column":0},"end":{"line":4,"column":5}},"4":{"start":{"line":5,"column":0},"end":{"line":5,"column":26}},"5":{"start":{"line":6,"column":0},"end":{"line":6,"column":36}},"6":{"start":{"line":7,"column":0},"end":{"line":7,"column":6}},"7":{"start":{"line":8,"column":0},"end":{"line":8,"column":46}},"8":{"start":{"line":9,"column":0},"end":{"line":9,"column":2}},"41":{"start":{"line":42,"column":0},"end":{"line":42,"column":25}},"44":{"start":{"line":45,"column":0},"end":{"line":45,"column":47}},"45":{"start":{"line":46,"column":0},"end":{"line":46,"column":35}},"47":{"start":{"line":48,"column":0},"end":{"line":48,"column":23}},"48":{"start":{"line":49,"column":0},"end":{"line":49,"column":26}},"49":{"start":{"line":50,"column":0},"end":{"line":50,"column":47}},"50":{"start":{"line":51,"column":0},"end":{"line":51,"column":17}},"51":{"start":{"line":52,"column":0},"end":{"line":52,"column":6}},"53":{"start":{"line":54,"column":0},"end":{"line":54,"column":44}},"55":{"start":{"line":56,"column":0},"end":{"line":56,"column":26}},"56":{"start":{"line":57,"column":0},"end":{"line":57,"column":17}},"57":{"start":{"line":58,"column":0},"end":{"line":58,"column":9}},"58":{"start":{"line":59,"column":0},"end":{"line":59,"column":54}},"59":{"start":{"line":60,"column":0},"end":{"line":60,"column":68}},"60":{"start":{"line":61,"column":0},"end":{"line":61,"column":14}},"61":{"start":{"line":62,"column":0},"end":{"line":62,"column":54}},"62":{"start":{"line":63,"column":0},"end":{"line":63,"column":68}},"63":{"start":{"line":64,"column":0},"end":{"line":64,"column":14}},"64":{"start":{"line":65,"column":0},"end":{"line":65,"column":10}},"65":{"start":{"line":66,"column":0},"end":{"line":66,"column":9}},"66":{"start":{"line":67,"column":0},"end":{"line":67,"column":53}},"67":{"start":{"line":68,"column":0},"end":{"line":68,"column":10}},"68":{"start":{"line":69,"column":0},"end":{"line":69,"column":6}},"69":{"start":{"line":70,"column":0},"end":{"line":70,"column":1}},"77":{"start":{"line":78,"column":0},"end":{"line":78,"column":22}},"81":{"start":{"line":82,"column":0},"end":{"line":82,"column":59}},"85":{"start":{"line":86,"column":0},"end":{"line":86,"column":3}},"86":{"start":{"line":87,"column":0},"end":{"line":87,"column":26}},"87":{"start":{"line":88,"column":0},"end":{"line":88,"column":33}},"88":{"start":{"line":89,"column":0},"end":{"line":89,"column":25}},"89":{"start":{"line":90,"column":0},"end":{"line":90,"column":49}},"90":{"start":{"line":91,"column":0},"end":{"line":91,"column":10}},"91":{"start":{"line":92,"column":0},"end":{"line":92,"column":74}},"92":{"start":{"line":93,"column":0},"end":{"line":93,"column":70}},"93":{"start":{"line":94,"column":0},"end":{"line":94,"column":7}},"94":{"start":{"line":95,"column":0},"end":{"line":95,"column":1}},"96":{"start":{"line":97,"column":0},"end":{"line":97,"column":29}},"97":{"start":{"line":98,"column":0},"end":{"line":98,"column":28}},"98":{"start":{"line":99,"column":0},"end":{"line":99,"column":23}},"99":{"start":{"line":100,"column":0},"end":{"line":100,"column":3}},"103":{"start":{"line":104,"column":0},"end":{"line":104,"column":47}}},"s":{"0":1,"2":1,"3":1,"4":1,"5":1,"6":1,"7":1,"8":1,"41":1,"44":4,"45":4,"47":3,"48":3,"49":3,"50":3,"51":3,"53":3,"55":3,"56":3,"57":3,"58":3,"59":3,"60":3,"61":3,"62":0,"63":0,"64":3,"65":3,"66":3,"67":3,"68":3,"69":3,"77":1,"81":0,"85":0,"86":0,"87":0,"88":0,"89":0,"90":0,"91":0,"92":0,"93":0,"94":0,"96":1,"97":1,"98":1,"99":1,"103":1},"branchMap":{"0":{"type":"branch","line":42,"loc":{"start":{"line":42,"column":7},"end":{"line":70,"column":1}},"locations":[{"start":{"line":42,"column":7},"end":{"line":70,"column":1}}]},"1":{"type":"branch","line":46,"loc":{"start":{"line":46,"column":23},"end":{"line":46,"column":35}},"locations":[{"start":{"line":46,"column":23},"end":{"line":46,"column":35}}]},"2":{"type":"branch","line":46,"loc":{"start":{"line":46,"column":30},"end":{"line":70,"column":1}},"locations":[{"start":{"line":46,"column":30},"end":{"line":70,"column":1}}]},"3":{"type":"branch","line":59,"loc":{"start":{"line":59,"column":20},"end":{"line":61,"column":14}},"locations":[{"start":{"line":59,"column":20},"end":{"line":61,"column":14}}]},"4":{"type":"branch","line":59,"loc":{"start":{"line":59,"column":27},"end":{"line":61,"column":14}},"locations":[{"start":{"line":59,"column":27},"end":{"line":61,"column":14}}]}},"b":{"0":[4],"1":[1],"2":[3],"3":[3],"4":[3]},"fnMap":{"0":{"name":"Resource","decl":{"start":{"line":42,"column":7},"end":{"line":70,"column":1}},"loc":{"start":{"line":42,"column":7},"end":{"line":70,"column":1}},"line":42},"1":{"name":"decode","decl":{"start":{"line":59,"column":20},"end":{"line":61,"column":14}},"loc":{"start":{"line":59,"column":20},"end":{"line":61,"column":14}},"line":59},"2":{"name":"encode","decl":{"start":{"line":62,"column":20},"end":{"line":64,"column":14}},"loc":{"start":{"line":62,"column":20},"end":{"line":64,"column":14}},"line":62},"3":{"name":"Entry","decl":{"start":{"line":78,"column":7},"end":{"line":95,"column":1}},"loc":{"start":{"line":78,"column":7},"end":{"line":95,"column":1}},"line":78}},"f":{"0":4,"1":3,"2":0,"3":0}}
,"/home/bathan1/dev/medfetch.js/medfetch/src/data.ts": {"path":"/home/bathan1/dev/medfetch.js/medfetch/src/data.ts","all":true,"statementMap":{"0":{"start":{"line":1,"column":0},"end":{"line":1,"column":69}},"3":{"start":{"line":4,"column":0},"end":{"line":4,"column":35}},"4":{"start":{"line":5,"column":0},"end":{"line":5,"column":34}},"5":{"start":{"line":6,"column":0},"end":{"line":6,"column":48}},"6":{"start":{"line":7,"column":0},"end":{"line":7,"column":3}},"8":{"start":{"line":9,"column":0},"end":{"line":9,"column":50}},"17":{"start":{"line":18,"column":0},"end":{"line":18,"column":50}},"19":{"start":{"line":20,"column":0},"end":{"line":20,"column":5}},"28":{"start":{"line":29,"column":0},"end":{"line":29,"column":36}},"29":{"start":{"line":30,"column":0},"end":{"line":30,"column":74}},"30":{"start":{"line":31,"column":0},"end":{"line":31,"column":39}},"31":{"start":{"line":32,"column":0},"end":{"line":32,"column":6}},"44":{"start":{"line":45,"column":0},"end":{"line":45,"column":28}},"45":{"start":{"line":46,"column":0},"end":{"line":46,"column":45}},"46":{"start":{"line":47,"column":0},"end":{"line":47,"column":36}},"47":{"start":{"line":48,"column":0},"end":{"line":48,"column":33}},"48":{"start":{"line":49,"column":0},"end":{"line":49,"column":25}},"49":{"start":{"line":50,"column":0},"end":{"line":50,"column":32}},"50":{"start":{"line":51,"column":0},"end":{"line":51,"column":24}},"51":{"start":{"line":52,"column":0},"end":{"line":52,"column":35}},"52":{"start":{"line":53,"column":0},"end":{"line":53,"column":75}},"53":{"start":{"line":54,"column":0},"end":{"line":54,"column":23}},"54":{"start":{"line":55,"column":0},"end":{"line":55,"column":14}},"55":{"start":{"line":56,"column":0},"end":{"line":56,"column":10}},"56":{"start":{"line":57,"column":0},"end":{"line":57,"column":79}},"57":{"start":{"line":58,"column":0},"end":{"line":58,"column":37}},"58":{"start":{"line":59,"column":0},"end":{"line":59,"column":6}},"67":{"start":{"line":68,"column":0},"end":{"line":68,"column":63}},"68":{"start":{"line":69,"column":0},"end":{"line":69,"column":54}},"69":{"start":{"line":70,"column":0},"end":{"line":70,"column":48}},"70":{"start":{"line":71,"column":0},"end":{"line":71,"column":22}},"72":{"start":{"line":73,"column":0},"end":{"line":73,"column":50}},"73":{"start":{"line":74,"column":0},"end":{"line":74,"column":68}},"74":{"start":{"line":75,"column":0},"end":{"line":75,"column":10}},"75":{"start":{"line":76,"column":0},"end":{"line":76,"column":24}},"76":{"start":{"line":77,"column":0},"end":{"line":77,"column":41}},"78":{"start":{"line":79,"column":0},"end":{"line":79,"column":45}},"79":{"start":{"line":80,"column":0},"end":{"line":80,"column":65}},"80":{"start":{"line":81,"column":0},"end":{"line":81,"column":55}},"81":{"start":{"line":82,"column":0},"end":{"line":82,"column":60}},"82":{"start":{"line":83,"column":0},"end":{"line":83,"column":23}},"84":{"start":{"line":85,"column":0},"end":{"line":85,"column":20}},"85":{"start":{"line":86,"column":0},"end":{"line":86,"column":40}},"86":{"start":{"line":87,"column":0},"end":{"line":87,"column":9}},"87":{"start":{"line":88,"column":0},"end":{"line":88,"column":6}},"105":{"start":{"line":106,"column":0},"end":{"line":106,"column":22}},"106":{"start":{"line":107,"column":0},"end":{"line":107,"column":20}},"107":{"start":{"line":108,"column":0},"end":{"line":108,"column":25}},"108":{"start":{"line":109,"column":0},"end":{"line":109,"column":12}},"109":{"start":{"line":110,"column":0},"end":{"line":110,"column":22}},"111":{"start":{"line":112,"column":0},"end":{"line":112,"column":29}},"112":{"start":{"line":113,"column":0},"end":{"line":113,"column":60}},"113":{"start":{"line":114,"column":0},"end":{"line":114,"column":53}},"114":{"start":{"line":115,"column":0},"end":{"line":115,"column":6}}},"s":{"0":0,"3":0,"4":0,"5":0,"6":0,"8":0,"17":0,"19":0,"28":0,"29":0,"30":0,"31":0,"44":0,"45":0,"46":0,"47":0,"48":0,"49":0,"50":0,"51":0,"52":0,"53":0,"54":0,"55":0,"56":0,"57":0,"58":0,"67":0,"68":0,"69":0,"70":0,"72":0,"73":0,"74":0,"75":0,"76":0,"78":0,"79":0,"80":0,"81":0,"82":0,"84":0,"85":0,"86":0,"87":0,"105":0,"106":0,"107":0,"108":0,"109":0,"111":0,"112":0,"113":0,"114":0},"branchMap":{"0":{"type":"branch","line":1,"loc":{"start":{"line":1,"column":3573},"end":{"line":115,"column":6}},"locations":[{"start":{"line":1,"column":3573},"end":{"line":115,"column":6}}]}},"b":{"0":[0]},"fnMap":{"0":{"name":"(empty-report)","decl":{"start":{"line":1,"column":3573},"end":{"line":115,"column":6}},"loc":{"start":{"line":1,"column":3573},"end":{"line":115,"column":6}},"line":1}},"f":{"0":0}}
,"/home/bathan1/dev/medfetch.js/medfetch/src/fetch-worker.ts": {"path":"/home/bathan1/dev/medfetch.js/medfetch/src/fetch-worker.ts","all":true,"statementMap":{"0":{"start":{"line":1,"column":0},"end":{"line":1,"column":32}},"14":{"start":{"line":15,"column":0},"end":{"line":15,"column":64}},"15":{"start":{"line":16,"column":0},"end":{"line":16,"column":47}},"17":{"start":{"line":18,"column":0},"end":{"line":18,"column":54}},"18":{"start":{"line":19,"column":0},"end":{"line":19,"column":54}},"19":{"start":{"line":20,"column":0},"end":{"line":20,"column":54}},"21":{"start":{"line":22,"column":0},"end":{"line":22,"column":44}},"22":{"start":{"line":23,"column":0},"end":{"line":23,"column":42}},"23":{"start":{"line":24,"column":0},"end":{"line":24,"column":44}},"24":{"start":{"line":25,"column":0},"end":{"line":25,"column":54}},"26":{"start":{"line":27,"column":0},"end":{"line":27,"column":44}},"27":{"start":{"line":28,"column":0},"end":{"line":28,"column":24}},"28":{"start":{"line":29,"column":0},"end":{"line":29,"column":110}},"29":{"start":{"line":30,"column":0},"end":{"line":30,"column":10}},"30":{"start":{"line":31,"column":0},"end":{"line":31,"column":5}},"32":{"start":{"line":33,"column":0},"end":{"line":33,"column":48}},"33":{"start":{"line":34,"column":0},"end":{"line":34,"column":27}},"35":{"start":{"line":36,"column":0},"end":{"line":36,"column":32}},"36":{"start":{"line":37,"column":0},"end":{"line":37,"column":30}},"37":{"start":{"line":38,"column":0},"end":{"line":38,"column":2}},"39":{"start":{"line":40,"column":0},"end":{"line":40,"column":23}},"40":{"start":{"line":41,"column":0},"end":{"line":41,"column":35}},"41":{"start":{"line":42,"column":0},"end":{"line":42,"column":14}},"42":{"start":{"line":43,"column":0},"end":{"line":43,"column":34}},"43":{"start":{"line":44,"column":0},"end":{"line":44,"column":43}},"44":{"start":{"line":45,"column":0},"end":{"line":45,"column":48}},"45":{"start":{"line":46,"column":0},"end":{"line":46,"column":15}},"46":{"start":{"line":47,"column":0},"end":{"line":47,"column":9}},"47":{"start":{"line":48,"column":0},"end":{"line":48,"column":30}}},"s":{"0":0,"14":0,"15":0,"17":0,"18":0,"19":0,"21":0,"22":0,"23":0,"24":0,"26":0,"27":0,"28":0,"29":0,"30":0,"32":0,"33":0,"35":0,"36":0,"37":0,"39":0,"40":0,"41":0,"42":0,"43":0,"44":0,"45":0,"46":0,"47":0},"branchMap":{"0":{"type":"branch","line":1,"loc":{"start":{"line":1,"column":1449},"end":{"line":48,"column":30}},"locations":[{"start":{"line":1,"column":1449},"end":{"line":48,"column":30}}]}},"b":{"0":[0]},"fnMap":{"0":{"name":"(empty-report)","decl":{"start":{"line":1,"column":1449},"end":{"line":48,"column":30}},"loc":{"start":{"line":1,"column":1449},"end":{"line":48,"column":30}},"line":1}},"f":{"0":0}}
,"/home/bathan1/dev/medfetch.js/medfetch/src/index.ts": {"path":"/home/bathan1/dev/medfetch.js/medfetch/src/index.ts","all":true,"statementMap":{"0":{"start":{"line":1,"column":0},"end":{"line":1,"column":31}},"41":{"start":{"line":42,"column":0},"end":{"line":42,"column":62}},"42":{"start":{"line":43,"column":0},"end":{"line":43,"column":16}},"43":{"start":{"line":44,"column":0},"end":{"line":44,"column":24}},"44":{"start":{"line":45,"column":0},"end":{"line":45,"column":43}},"45":{"start":{"line":46,"column":0},"end":{"line":46,"column":20}},"46":{"start":{"line":47,"column":0},"end":{"line":47,"column":1}},"48":{"start":{"line":49,"column":0},"end":{"line":49,"column":62}},"49":{"start":{"line":50,"column":0},"end":{"line":50,"column":25}},"50":{"start":{"line":51,"column":0},"end":{"line":51,"column":29}},"51":{"start":{"line":52,"column":0},"end":{"line":52,"column":3}},"52":{"start":{"line":53,"column":0},"end":{"line":53,"column":27}},"53":{"start":{"line":54,"column":0},"end":{"line":54,"column":31}},"54":{"start":{"line":55,"column":0},"end":{"line":55,"column":25}},"55":{"start":{"line":56,"column":0},"end":{"line":56,"column":17}},"56":{"start":{"line":57,"column":0},"end":{"line":57,"column":20}},"57":{"start":{"line":58,"column":0},"end":{"line":58,"column":41}},"58":{"start":{"line":59,"column":0},"end":{"line":59,"column":32}},"59":{"start":{"line":60,"column":0},"end":{"line":60,"column":34}},"60":{"start":{"line":61,"column":0},"end":{"line":61,"column":40}},"61":{"start":{"line":62,"column":0},"end":{"line":62,"column":23}},"62":{"start":{"line":63,"column":0},"end":{"line":63,"column":18}},"63":{"start":{"line":64,"column":0},"end":{"line":64,"column":15}},"64":{"start":{"line":65,"column":0},"end":{"line":65,"column":10}},"65":{"start":{"line":66,"column":0},"end":{"line":66,"column":7}},"66":{"start":{"line":67,"column":0},"end":{"line":67,"column":1}},"77":{"start":{"line":78,"column":0},"end":{"line":78,"column":50}},"78":{"start":{"line":79,"column":0},"end":{"line":79,"column":30}},"82":{"start":{"line":83,"column":0},"end":{"line":83,"column":35}},"83":{"start":{"line":84,"column":0},"end":{"line":84,"column":33}},"84":{"start":{"line":85,"column":0},"end":{"line":85,"column":35}},"85":{"start":{"line":86,"column":0},"end":{"line":86,"column":49}},"87":{"start":{"line":88,"column":0},"end":{"line":88,"column":80}},"88":{"start":{"line":89,"column":0},"end":{"line":89,"column":36}},"89":{"start":{"line":90,"column":0},"end":{"line":90,"column":52}},"90":{"start":{"line":91,"column":0},"end":{"line":91,"column":30}},"91":{"start":{"line":92,"column":0},"end":{"line":92,"column":42}},"93":{"start":{"line":94,"column":0},"end":{"line":94,"column":27}},"94":{"start":{"line":95,"column":0},"end":{"line":95,"column":25}},"95":{"start":{"line":96,"column":0},"end":{"line":96,"column":25}},"96":{"start":{"line":97,"column":0},"end":{"line":97,"column":29}},"97":{"start":{"line":98,"column":0},"end":{"line":98,"column":65}},"98":{"start":{"line":99,"column":0},"end":{"line":99,"column":43}},"99":{"start":{"line":100,"column":0},"end":{"line":100,"column":14}},"101":{"start":{"line":102,"column":0},"end":{"line":102,"column":30}},"102":{"start":{"line":103,"column":0},"end":{"line":103,"column":10}},"103":{"start":{"line":104,"column":0},"end":{"line":104,"column":6}},"104":{"start":{"line":105,"column":0},"end":{"line":105,"column":1}}},"s":{"0":0,"41":0,"42":0,"43":0,"44":0,"45":0,"46":0,"48":0,"49":0,"50":0,"51":0,"52":0,"53":0,"54":0,"55":0,"56":0,"57":0,"58":0,"59":0,"60":0,"61":0,"62":0,"63":0,"64":0,"65":0,"66":0,"77":0,"78":0,"82":0,"83":0,"84":0,"85":0,"87":0,"88":0,"89":0,"90":0,"91":0,"93":0,"94":0,"95":0,"96":0,"97":0,"98":0,"99":0,"101":0,"102":0,"103":0,"104":0},"branchMap":{"0":{"type":"branch","line":1,"loc":{"start":{"line":1,"column":0},"end":{"line":105,"column":-453}},"locations":[{"start":{"line":1,"column":0},"end":{"line":105,"column":-453}}]}},"b":{"0":[0]},"fnMap":{"0":{"name":"(empty-report)","decl":{"start":{"line":1,"column":0},"end":{"line":105,"column":-453}},"loc":{"start":{"line":1,"column":0},"end":{"line":105,"column":-453}},"line":1}},"f":{"0":0}}
,"/home/bathan1/dev/medfetch.js/medfetch/src/sof.ts": {"path":"/home/bathan1/dev/medfetch.js/medfetch/src/sof.ts","all":true,"statementMap":{"0":{"start":{"line":1,"column":0},"end":{"line":1,"column":37}},"16":{"start":{"line":17,"column":0},"end":{"line":17,"column":58}},"17":{"start":{"line":18,"column":0},"end":{"line":18,"column":34}},"18":{"start":{"line":19,"column":0},"end":{"line":19,"column":41}},"19":{"start":{"line":20,"column":0},"end":{"line":20,"column":48}},"20":{"start":{"line":21,"column":0},"end":{"line":21,"column":52}},"21":{"start":{"line":22,"column":0},"end":{"line":22,"column":60}},"22":{"start":{"line":23,"column":0},"end":{"line":23,"column":62}},"23":{"start":{"line":24,"column":0},"end":{"line":24,"column":60}},"24":{"start":{"line":25,"column":0},"end":{"line":25,"column":76}},"27":{"start":{"line":28,"column":0},"end":{"line":28,"column":13}},"28":{"start":{"line":29,"column":0},"end":{"line":29,"column":80}},"29":{"start":{"line":30,"column":0},"end":{"line":30,"column":25}},"30":{"start":{"line":31,"column":0},"end":{"line":31,"column":10}},"31":{"start":{"line":32,"column":0},"end":{"line":32,"column":32}},"32":{"start":{"line":33,"column":0},"end":{"line":33,"column":73}},"33":{"start":{"line":34,"column":0},"end":{"line":34,"column":29}},"34":{"start":{"line":35,"column":0},"end":{"line":35,"column":11}},"35":{"start":{"line":36,"column":0},"end":{"line":36,"column":6}},"36":{"start":{"line":37,"column":0},"end":{"line":37,"column":1}},"38":{"start":{"line":39,"column":0},"end":{"line":39,"column":64}},"40":{"start":{"line":41,"column":0},"end":{"line":41,"column":34}},"41":{"start":{"line":42,"column":0},"end":{"line":42,"column":20}},"42":{"start":{"line":43,"column":0},"end":{"line":43,"column":5}},"45":{"start":{"line":46,"column":0},"end":{"line":46,"column":38}},"46":{"start":{"line":47,"column":0},"end":{"line":47,"column":34}},"47":{"start":{"line":48,"column":0},"end":{"line":48,"column":5}},"49":{"start":{"line":50,"column":0},"end":{"line":50,"column":39}},"51":{"start":{"line":52,"column":0},"end":{"line":52,"column":29}},"52":{"start":{"line":53,"column":0},"end":{"line":53,"column":24}},"53":{"start":{"line":54,"column":0},"end":{"line":54,"column":5}},"56":{"start":{"line":57,"column":0},"end":{"line":57,"column":16}},"57":{"start":{"line":58,"column":0},"end":{"line":58,"column":1}},"59":{"start":{"line":60,"column":0},"end":{"line":60,"column":50}},"60":{"start":{"line":61,"column":0},"end":{"line":61,"column":21}},"61":{"start":{"line":62,"column":0},"end":{"line":62,"column":32}},"62":{"start":{"line":63,"column":0},"end":{"line":63,"column":43}},"63":{"start":{"line":64,"column":0},"end":{"line":64,"column":10}},"64":{"start":{"line":65,"column":0},"end":{"line":65,"column":25}},"65":{"start":{"line":66,"column":0},"end":{"line":66,"column":6}},"66":{"start":{"line":67,"column":0},"end":{"line":67,"column":22}},"67":{"start":{"line":68,"column":0},"end":{"line":68,"column":46}},"68":{"start":{"line":69,"column":0},"end":{"line":69,"column":69}},"69":{"start":{"line":70,"column":0},"end":{"line":70,"column":40}},"70":{"start":{"line":71,"column":0},"end":{"line":71,"column":6}},"71":{"start":{"line":72,"column":0},"end":{"line":72,"column":11}},"72":{"start":{"line":73,"column":0},"end":{"line":73,"column":42}},"73":{"start":{"line":74,"column":0},"end":{"line":74,"column":39}},"74":{"start":{"line":75,"column":0},"end":{"line":75,"column":41}},"75":{"start":{"line":76,"column":0},"end":{"line":76,"column":31}},"76":{"start":{"line":77,"column":0},"end":{"line":77,"column":87}},"77":{"start":{"line":78,"column":0},"end":{"line":78,"column":18}},"78":{"start":{"line":79,"column":0},"end":{"line":79,"column":15}},"79":{"start":{"line":80,"column":0},"end":{"line":80,"column":25}},"80":{"start":{"line":81,"column":0},"end":{"line":81,"column":6}},"81":{"start":{"line":82,"column":0},"end":{"line":82,"column":2}},"83":{"start":{"line":84,"column":0},"end":{"line":84,"column":63}},"84":{"start":{"line":85,"column":0},"end":{"line":85,"column":48}},"85":{"start":{"line":86,"column":0},"end":{"line":86,"column":28}},"86":{"start":{"line":87,"column":0},"end":{"line":87,"column":21}},"87":{"start":{"line":88,"column":0},"end":{"line":88,"column":7}},"98":{"start":{"line":99,"column":0},"end":{"line":99,"column":24}},"99":{"start":{"line":100,"column":0},"end":{"line":100,"column":13}},"100":{"start":{"line":101,"column":0},"end":{"line":101,"column":22}},"101":{"start":{"line":102,"column":0},"end":{"line":102,"column":51}},"102":{"start":{"line":103,"column":0},"end":{"line":103,"column":10}},"103":{"start":{"line":104,"column":0},"end":{"line":104,"column":51}},"104":{"start":{"line":105,"column":0},"end":{"line":105,"column":27}},"105":{"start":{"line":106,"column":0},"end":{"line":106,"column":45}},"106":{"start":{"line":107,"column":0},"end":{"line":107,"column":44}},"107":{"start":{"line":108,"column":0},"end":{"line":108,"column":62}},"108":{"start":{"line":109,"column":0},"end":{"line":109,"column":50}},"109":{"start":{"line":110,"column":0},"end":{"line":110,"column":56}},"110":{"start":{"line":111,"column":0},"end":{"line":111,"column":22}},"111":{"start":{"line":112,"column":0},"end":{"line":112,"column":19}},"113":{"start":{"line":114,"column":0},"end":{"line":114,"column":57}},"114":{"start":{"line":115,"column":0},"end":{"line":115,"column":44}},"115":{"start":{"line":116,"column":0},"end":{"line":116,"column":68}},"116":{"start":{"line":117,"column":0},"end":{"line":117,"column":45}},"117":{"start":{"line":118,"column":0},"end":{"line":118,"column":61}},"118":{"start":{"line":119,"column":0},"end":{"line":119,"column":21}},"119":{"start":{"line":120,"column":0},"end":{"line":120,"column":50}},"120":{"start":{"line":121,"column":0},"end":{"line":121,"column":56}},"121":{"start":{"line":122,"column":0},"end":{"line":122,"column":22}},"122":{"start":{"line":123,"column":0},"end":{"line":123,"column":19}},"124":{"start":{"line":125,"column":0},"end":{"line":125,"column":35}},"125":{"start":{"line":126,"column":0},"end":{"line":126,"column":51}},"126":{"start":{"line":127,"column":0},"end":{"line":127,"column":40}},"127":{"start":{"line":128,"column":0},"end":{"line":128,"column":31}},"128":{"start":{"line":129,"column":0},"end":{"line":129,"column":36}},"129":{"start":{"line":130,"column":0},"end":{"line":130,"column":46}},"130":{"start":{"line":131,"column":0},"end":{"line":131,"column":72}},"131":{"start":{"line":132,"column":0},"end":{"line":132,"column":51}},"132":{"start":{"line":133,"column":0},"end":{"line":133,"column":47}},"133":{"start":{"line":134,"column":0},"end":{"line":134,"column":29}},"134":{"start":{"line":135,"column":0},"end":{"line":135,"column":64}},"135":{"start":{"line":136,"column":0},"end":{"line":136,"column":71}},"136":{"start":{"line":137,"column":0},"end":{"line":137,"column":44}},"137":{"start":{"line":138,"column":0},"end":{"line":138,"column":47}},"138":{"start":{"line":139,"column":0},"end":{"line":139,"column":50}},"139":{"start":{"line":140,"column":0},"end":{"line":140,"column":38}},"140":{"start":{"line":141,"column":0},"end":{"line":141,"column":35}},"141":{"start":{"line":142,"column":0},"end":{"line":142,"column":31}},"142":{"start":{"line":143,"column":0},"end":{"line":143,"column":26}},"143":{"start":{"line":144,"column":0},"end":{"line":144,"column":22}},"144":{"start":{"line":145,"column":0},"end":{"line":145,"column":19}},"146":{"start":{"line":147,"column":0},"end":{"line":147,"column":39}},"147":{"start":{"line":148,"column":0},"end":{"line":148,"column":68}},"149":{"start":{"line":150,"column":0},"end":{"line":150,"column":35}},"150":{"start":{"line":151,"column":0},"end":{"line":151,"column":45}},"151":{"start":{"line":152,"column":0},"end":{"line":152,"column":67}},"152":{"start":{"line":153,"column":0},"end":{"line":153,"column":76}},"153":{"start":{"line":154,"column":0},"end":{"line":154,"column":32}},"154":{"start":{"line":155,"column":0},"end":{"line":155,"column":36}},"155":{"start":{"line":156,"column":0},"end":{"line":156,"column":41}},"156":{"start":{"line":157,"column":0},"end":{"line":157,"column":76}},"157":{"start":{"line":158,"column":0},"end":{"line":158,"column":30}},"158":{"start":{"line":159,"column":0},"end":{"line":159,"column":26}},"159":{"start":{"line":160,"column":0},"end":{"line":160,"column":23}},"160":{"start":{"line":161,"column":0},"end":{"line":161,"column":18}},"161":{"start":{"line":162,"column":0},"end":{"line":162,"column":11}},"162":{"start":{"line":163,"column":0},"end":{"line":163,"column":6}},"163":{"start":{"line":164,"column":0},"end":{"line":164,"column":25}},"164":{"start":{"line":165,"column":0},"end":{"line":165,"column":1}},"176":{"start":{"line":177,"column":0},"end":{"line":177,"column":74}},"177":{"start":{"line":178,"column":0},"end":{"line":178,"column":31}},"178":{"start":{"line":179,"column":0},"end":{"line":179,"column":64}},"179":{"start":{"line":180,"column":0},"end":{"line":180,"column":6}},"180":{"start":{"line":181,"column":0},"end":{"line":181,"column":32}},"181":{"start":{"line":182,"column":0},"end":{"line":182,"column":18}},"182":{"start":{"line":183,"column":0},"end":{"line":183,"column":5}},"184":{"start":{"line":185,"column":0},"end":{"line":185,"column":61}},"185":{"start":{"line":186,"column":0},"end":{"line":186,"column":52}},"186":{"start":{"line":187,"column":0},"end":{"line":187,"column":25}},"187":{"start":{"line":188,"column":0},"end":{"line":188,"column":32}},"188":{"start":{"line":189,"column":0},"end":{"line":189,"column":11}},"189":{"start":{"line":190,"column":0},"end":{"line":190,"column":6}},"191":{"start":{"line":192,"column":0},"end":{"line":192,"column":56}},"192":{"start":{"line":193,"column":0},"end":{"line":193,"column":57}},"193":{"start":{"line":194,"column":0},"end":{"line":194,"column":69}},"194":{"start":{"line":195,"column":0},"end":{"line":195,"column":11}},"195":{"start":{"line":196,"column":0},"end":{"line":196,"column":5}},"197":{"start":{"line":198,"column":0},"end":{"line":198,"column":57}},"198":{"start":{"line":199,"column":0},"end":{"line":199,"column":1}}},"s":{"0":0,"16":0,"17":0,"18":0,"19":0,"20":0,"21":0,"22":0,"23":0,"24":0,"27":0,"28":0,"29":0,"30":0,"31":0,"32":0,"33":0,"34":0,"35":0,"36":0,"38":0,"40":0,"41":0,"42":0,"45":0,"46":0,"47":0,"49":0,"51":0,"52":0,"53":0,"56":0,"57":0,"59":0,"60":0,"61":0,"62":0,"63":0,"64":0,"65":0,"66":0,"67":0,"68":0,"69":0,"70":0,"71":0,"72":0,"73":0,"74":0,"75":0,"76":0,"77":0,"78":0,"79":0,"80":0,"81":0,"83":0,"84":0,"85":0,"86":0,"87":0,"98":0,"99":0,"100":0,"101":0,"102":0,"103":0,"104":0,"105":0,"106":0,"107":0,"108":0,"109":0,"110":0,"111":0,"113":0,"114":0,"115":0,"116":0,"117":0,"118":0,"119":0,"120":0,"121":0,"122":0,"124":0,"125":0,"126":0,"127":0,"128":0,"129":0,"130":0,"131":0,"132":0,"133":0,"134":0,"135":0,"136":0,"137":0,"138":0,"139":0,"140":0,"141":0,"142":0,"143":0,"144":0,"146":0,"147":0,"149":0,"150":0,"151":0,"152":0,"153":0,"154":0,"155":0,"156":0,"157":0,"158":0,"159":0,"160":0,"161":0,"162":0,"163":0,"164":0,"176":0,"177":0,"178":0,"179":0,"180":0,"181":0,"182":0,"184":0,"185":0,"186":0,"187":0,"188":0,"189":0,"191":0,"192":0,"193":0,"194":0,"195":0,"197":0,"198":0},"branchMap":{"0":{"type":"branch","line":1,"loc":{"start":{"line":1,"column":6657},"end":{"line":199,"column":1}},"locations":[{"start":{"line":1,"column":6657},"end":{"line":199,"column":1}}]}},"b":{"0":[0]},"fnMap":{"0":{"name":"(empty-report)","decl":{"start":{"line":1,"column":6657},"end":{"line":199,"column":1}},"loc":{"start":{"line":1,"column":6657},"end":{"line":199,"column":1}},"line":1}},"f":{"0":0}}
,"/home/bathan1/dev/medfetch.js/medfetch/src/view.ts": {"path":"/home/bathan1/dev/medfetch.js/medfetch/src/view.ts","all":true,"statementMap":{"0":{"start":{"line":1,"column":0},"end":{"line":1,"column":32}},"8":{"start":{"line":9,"column":0},"end":{"line":9,"column":31}},"10":{"start":{"line":11,"column":0},"end":{"line":11,"column":36}},"11":{"start":{"line":12,"column":0},"end":{"line":12,"column":24}},"12":{"start":{"line":13,"column":0},"end":{"line":13,"column":52}},"13":{"start":{"line":14,"column":0},"end":{"line":14,"column":3}},"16":{"start":{"line":17,"column":0},"end":{"line":17,"column":33}},"17":{"start":{"line":18,"column":0},"end":{"line":18,"column":24}},"18":{"start":{"line":19,"column":0},"end":{"line":19,"column":58}},"19":{"start":{"line":20,"column":0},"end":{"line":20,"column":53}},"20":{"start":{"line":21,"column":0},"end":{"line":21,"column":55}},"21":{"start":{"line":22,"column":0},"end":{"line":22,"column":50}},"22":{"start":{"line":23,"column":0},"end":{"line":23,"column":50}},"23":{"start":{"line":24,"column":0},"end":{"line":24,"column":54}},"24":{"start":{"line":25,"column":0},"end":{"line":25,"column":53}},"25":{"start":{"line":26,"column":0},"end":{"line":26,"column":48}},"26":{"start":{"line":27,"column":0},"end":{"line":27,"column":53}},"27":{"start":{"line":28,"column":0},"end":{"line":28,"column":53}},"28":{"start":{"line":29,"column":0},"end":{"line":29,"column":49}},"29":{"start":{"line":30,"column":0},"end":{"line":30,"column":57}},"30":{"start":{"line":31,"column":0},"end":{"line":31,"column":52}},"31":{"start":{"line":32,"column":0},"end":{"line":32,"column":50}},"32":{"start":{"line":33,"column":0},"end":{"line":33,"column":57}},"33":{"start":{"line":34,"column":0},"end":{"line":34,"column":49}},"34":{"start":{"line":35,"column":0},"end":{"line":35,"column":49}},"35":{"start":{"line":36,"column":0},"end":{"line":36,"column":50}},"36":{"start":{"line":37,"column":0},"end":{"line":37,"column":3}},"38":{"start":{"line":39,"column":0},"end":{"line":39,"column":59}},"40":{"start":{"line":41,"column":0},"end":{"line":41,"column":28}},"41":{"start":{"line":42,"column":0},"end":{"line":42,"column":24}},"42":{"start":{"line":43,"column":0},"end":{"line":43,"column":25}},"43":{"start":{"line":44,"column":0},"end":{"line":44,"column":3}},"46":{"start":{"line":47,"column":0},"end":{"line":47,"column":44}},"47":{"start":{"line":48,"column":0},"end":{"line":48,"column":36}},"49":{"start":{"line":50,"column":0},"end":{"line":50,"column":35}},"50":{"start":{"line":51,"column":0},"end":{"line":51,"column":24}},"51":{"start":{"line":52,"column":0},"end":{"line":52,"column":24}},"52":{"start":{"line":53,"column":0},"end":{"line":53,"column":52}},"53":{"start":{"line":54,"column":0},"end":{"line":54,"column":52}},"54":{"start":{"line":55,"column":0},"end":{"line":55,"column":45}},"55":{"start":{"line":56,"column":0},"end":{"line":56,"column":49}},"56":{"start":{"line":57,"column":0},"end":{"line":57,"column":3}},"70":{"start":{"line":71,"column":0},"end":{"line":71,"column":65}},"71":{"start":{"line":72,"column":0},"end":{"line":72,"column":26}},"73":{"start":{"line":74,"column":0},"end":{"line":74,"column":35}},"86":{"start":{"line":87,"column":0},"end":{"line":87,"column":63}},"95":{"start":{"line":96,"column":0},"end":{"line":96,"column":34}},"96":{"start":{"line":97,"column":0},"end":{"line":97,"column":42}},"97":{"start":{"line":98,"column":0},"end":{"line":98,"column":20}},"98":{"start":{"line":99,"column":0},"end":{"line":99,"column":7}},"99":{"start":{"line":100,"column":0},"end":{"line":100,"column":15}},"100":{"start":{"line":101,"column":0},"end":{"line":101,"column":21}},"101":{"start":{"line":102,"column":0},"end":{"line":102,"column":72}},"102":{"start":{"line":103,"column":0},"end":{"line":103,"column":10}},"103":{"start":{"line":104,"column":0},"end":{"line":104,"column":24}},"104":{"start":{"line":105,"column":0},"end":{"line":105,"column":6}},"105":{"start":{"line":106,"column":0},"end":{"line":106,"column":48}},"106":{"start":{"line":107,"column":0},"end":{"line":107,"column":54}},"107":{"start":{"line":108,"column":0},"end":{"line":108,"column":17}},"108":{"start":{"line":109,"column":0},"end":{"line":109,"column":21}},"109":{"start":{"line":110,"column":0},"end":{"line":110,"column":72}},"110":{"start":{"line":111,"column":0},"end":{"line":111,"column":10}},"111":{"start":{"line":112,"column":0},"end":{"line":112,"column":24}},"112":{"start":{"line":113,"column":0},"end":{"line":113,"column":6}},"113":{"start":{"line":114,"column":0},"end":{"line":114,"column":3}},"136":{"start":{"line":137,"column":0},"end":{"line":137,"column":75}},"137":{"start":{"line":138,"column":0},"end":{"line":138,"column":23}},"139":{"start":{"line":140,"column":0},"end":{"line":140,"column":26}},"140":{"start":{"line":141,"column":0},"end":{"line":141,"column":35}},"141":{"start":{"line":142,"column":0},"end":{"line":142,"column":60}},"142":{"start":{"line":143,"column":0},"end":{"line":143,"column":7}},"143":{"start":{"line":144,"column":0},"end":{"line":144,"column":35}},"144":{"start":{"line":145,"column":0},"end":{"line":145,"column":78}},"145":{"start":{"line":146,"column":0},"end":{"line":146,"column":7}},"146":{"start":{"line":147,"column":0},"end":{"line":147,"column":36}},"147":{"start":{"line":148,"column":0},"end":{"line":148,"column":31}},"148":{"start":{"line":149,"column":0},"end":{"line":149,"column":78}},"149":{"start":{"line":150,"column":0},"end":{"line":150,"column":7}},"150":{"start":{"line":151,"column":0},"end":{"line":151,"column":42}},"151":{"start":{"line":152,"column":0},"end":{"line":152,"column":37}},"152":{"start":{"line":153,"column":0},"end":{"line":153,"column":78}},"153":{"start":{"line":154,"column":0},"end":{"line":154,"column":7}},"154":{"start":{"line":155,"column":0},"end":{"line":155,"column":37}},"155":{"start":{"line":156,"column":0},"end":{"line":156,"column":80}},"156":{"start":{"line":157,"column":0},"end":{"line":157,"column":7}},"157":{"start":{"line":158,"column":0},"end":{"line":158,"column":2}},"167":{"start":{"line":168,"column":0},"end":{"line":168,"column":52}},"168":{"start":{"line":169,"column":0},"end":{"line":169,"column":26}},"169":{"start":{"line":170,"column":0},"end":{"line":170,"column":13}},"170":{"start":{"line":171,"column":0},"end":{"line":171,"column":13}},"171":{"start":{"line":172,"column":0},"end":{"line":172,"column":33}},"172":{"start":{"line":173,"column":0},"end":{"line":173,"column":39}},"173":{"start":{"line":174,"column":0},"end":{"line":174,"column":14}},"174":{"start":{"line":175,"column":0},"end":{"line":175,"column":19}},"175":{"start":{"line":176,"column":0},"end":{"line":176,"column":36}},"176":{"start":{"line":177,"column":0},"end":{"line":177,"column":153}},"177":{"start":{"line":178,"column":0},"end":{"line":178,"column":18}},"178":{"start":{"line":179,"column":0},"end":{"line":179,"column":14}},"179":{"start":{"line":180,"column":0},"end":{"line":180,"column":10}},"181":{"start":{"line":182,"column":0},"end":{"line":182,"column":13}},"182":{"start":{"line":183,"column":0},"end":{"line":183,"column":13}},"183":{"start":{"line":184,"column":0},"end":{"line":184,"column":33}},"184":{"start":{"line":185,"column":0},"end":{"line":185,"column":14}},"185":{"start":{"line":186,"column":0},"end":{"line":186,"column":61}},"186":{"start":{"line":187,"column":0},"end":{"line":187,"column":32}},"187":{"start":{"line":188,"column":0},"end":{"line":188,"column":28}},"188":{"start":{"line":189,"column":0},"end":{"line":189,"column":29}},"189":{"start":{"line":190,"column":0},"end":{"line":190,"column":36}},"190":{"start":{"line":191,"column":0},"end":{"line":191,"column":31}},"191":{"start":{"line":192,"column":0},"end":{"line":192,"column":44}},"192":{"start":{"line":193,"column":0},"end":{"line":193,"column":68}},"193":{"start":{"line":194,"column":0},"end":{"line":194,"column":59}},"194":{"start":{"line":195,"column":0},"end":{"line":195,"column":40}},"195":{"start":{"line":196,"column":0},"end":{"line":196,"column":37}},"196":{"start":{"line":197,"column":0},"end":{"line":197,"column":31}},"197":{"start":{"line":198,"column":0},"end":{"line":198,"column":34}},"198":{"start":{"line":199,"column":0},"end":{"line":199,"column":34}},"199":{"start":{"line":200,"column":0},"end":{"line":200,"column":31}},"200":{"start":{"line":201,"column":0},"end":{"line":201,"column":42}},"201":{"start":{"line":202,"column":0},"end":{"line":202,"column":79}},"202":{"start":{"line":203,"column":0},"end":{"line":203,"column":77}},"203":{"start":{"line":204,"column":0},"end":{"line":204,"column":40}},"204":{"start":{"line":205,"column":0},"end":{"line":205,"column":37}},"205":{"start":{"line":206,"column":0},"end":{"line":206,"column":31}},"206":{"start":{"line":207,"column":0},"end":{"line":207,"column":34}},"207":{"start":{"line":208,"column":0},"end":{"line":208,"column":52}},"208":{"start":{"line":209,"column":0},"end":{"line":209,"column":22}},"209":{"start":{"line":210,"column":0},"end":{"line":210,"column":19}},"210":{"start":{"line":211,"column":0},"end":{"line":211,"column":14}},"211":{"start":{"line":212,"column":0},"end":{"line":212,"column":10}},"213":{"start":{"line":214,"column":0},"end":{"line":214,"column":13}},"214":{"start":{"line":215,"column":0},"end":{"line":215,"column":13}},"215":{"start":{"line":216,"column":0},"end":{"line":216,"column":39}},"216":{"start":{"line":217,"column":0},"end":{"line":217,"column":14}},"217":{"start":{"line":218,"column":0},"end":{"line":218,"column":67}},"218":{"start":{"line":219,"column":0},"end":{"line":219,"column":38}},"219":{"start":{"line":220,"column":0},"end":{"line":220,"column":34}},"220":{"start":{"line":221,"column":0},"end":{"line":221,"column":29}},"221":{"start":{"line":222,"column":0},"end":{"line":222,"column":36}},"222":{"start":{"line":223,"column":0},"end":{"line":223,"column":31}},"223":{"start":{"line":224,"column":0},"end":{"line":224,"column":44}},"224":{"start":{"line":225,"column":0},"end":{"line":225,"column":68}},"225":{"start":{"line":226,"column":0},"end":{"line":226,"column":59}},"226":{"start":{"line":227,"column":0},"end":{"line":227,"column":40}},"227":{"start":{"line":228,"column":0},"end":{"line":228,"column":37}},"228":{"start":{"line":229,"column":0},"end":{"line":229,"column":31}},"229":{"start":{"line":230,"column":0},"end":{"line":230,"column":34}},"230":{"start":{"line":231,"column":0},"end":{"line":231,"column":34}},"231":{"start":{"line":232,"column":0},"end":{"line":232,"column":31}},"232":{"start":{"line":233,"column":0},"end":{"line":233,"column":42}},"233":{"start":{"line":234,"column":0},"end":{"line":234,"column":79}},"234":{"start":{"line":235,"column":0},"end":{"line":235,"column":77}},"235":{"start":{"line":236,"column":0},"end":{"line":236,"column":40}},"236":{"start":{"line":237,"column":0},"end":{"line":237,"column":37}},"237":{"start":{"line":238,"column":0},"end":{"line":238,"column":31}},"238":{"start":{"line":239,"column":0},"end":{"line":239,"column":34}},"239":{"start":{"line":240,"column":0},"end":{"line":240,"column":52}},"240":{"start":{"line":241,"column":0},"end":{"line":241,"column":22}},"241":{"start":{"line":242,"column":0},"end":{"line":242,"column":19}},"242":{"start":{"line":243,"column":0},"end":{"line":243,"column":14}},"243":{"start":{"line":244,"column":0},"end":{"line":244,"column":10}},"245":{"start":{"line":246,"column":0},"end":{"line":246,"column":13}},"246":{"start":{"line":247,"column":0},"end":{"line":247,"column":13}},"247":{"start":{"line":248,"column":0},"end":{"line":248,"column":38}},"248":{"start":{"line":249,"column":0},"end":{"line":249,"column":38}},"249":{"start":{"line":250,"column":0},"end":{"line":250,"column":40}},"250":{"start":{"line":251,"column":0},"end":{"line":251,"column":14}},"251":{"start":{"line":252,"column":0},"end":{"line":252,"column":62}},"252":{"start":{"line":253,"column":0},"end":{"line":253,"column":31}},"253":{"start":{"line":254,"column":0},"end":{"line":254,"column":29}},"254":{"start":{"line":255,"column":0},"end":{"line":255,"column":34}},"255":{"start":{"line":256,"column":0},"end":{"line":256,"column":65}},"256":{"start":{"line":257,"column":0},"end":{"line":257,"column":27}},"257":{"start":{"line":258,"column":0},"end":{"line":258,"column":32}},"258":{"start":{"line":259,"column":0},"end":{"line":259,"column":69}},"259":{"start":{"line":260,"column":0},"end":{"line":260,"column":67}},"260":{"start":{"line":261,"column":0},"end":{"line":261,"column":30}},"261":{"start":{"line":262,"column":0},"end":{"line":262,"column":27}},"262":{"start":{"line":263,"column":0},"end":{"line":263,"column":52}},"263":{"start":{"line":264,"column":0},"end":{"line":264,"column":22}},"264":{"start":{"line":265,"column":0},"end":{"line":265,"column":19}},"265":{"start":{"line":266,"column":0},"end":{"line":266,"column":14}},"266":{"start":{"line":267,"column":0},"end":{"line":267,"column":10}},"268":{"start":{"line":269,"column":0},"end":{"line":269,"column":13}},"269":{"start":{"line":270,"column":0},"end":{"line":270,"column":13}},"270":{"start":{"line":271,"column":0},"end":{"line":271,"column":40}},"271":{"start":{"line":272,"column":0},"end":{"line":272,"column":38}},"272":{"start":{"line":273,"column":0},"end":{"line":273,"column":14}},"273":{"start":{"line":274,"column":0},"end":{"line":274,"column":49}},"274":{"start":{"line":275,"column":0},"end":{"line":275,"column":31}},"275":{"start":{"line":276,"column":0},"end":{"line":276,"column":29}},"276":{"start":{"line":277,"column":0},"end":{"line":277,"column":34}},"277":{"start":{"line":278,"column":0},"end":{"line":278,"column":65}},"278":{"start":{"line":279,"column":0},"end":{"line":279,"column":27}},"279":{"start":{"line":280,"column":0},"end":{"line":280,"column":52}},"280":{"start":{"line":281,"column":0},"end":{"line":281,"column":22}},"281":{"start":{"line":282,"column":0},"end":{"line":282,"column":19}},"282":{"start":{"line":283,"column":0},"end":{"line":283,"column":14}},"283":{"start":{"line":284,"column":0},"end":{"line":284,"column":10}},"285":{"start":{"line":286,"column":0},"end":{"line":286,"column":13}},"286":{"start":{"line":287,"column":0},"end":{"line":287,"column":13}},"287":{"start":{"line":288,"column":0},"end":{"line":288,"column":38}},"288":{"start":{"line":289,"column":0},"end":{"line":289,"column":38}},"289":{"start":{"line":290,"column":0},"end":{"line":290,"column":14}},"290":{"start":{"line":291,"column":0},"end":{"line":291,"column":47}},"291":{"start":{"line":292,"column":0},"end":{"line":292,"column":31}},"292":{"start":{"line":293,"column":0},"end":{"line":293,"column":29}},"293":{"start":{"line":294,"column":0},"end":{"line":294,"column":32}},"294":{"start":{"line":295,"column":0},"end":{"line":295,"column":69}},"295":{"start":{"line":296,"column":0},"end":{"line":296,"column":67}},"296":{"start":{"line":297,"column":0},"end":{"line":297,"column":30}},"297":{"start":{"line":298,"column":0},"end":{"line":298,"column":27}},"298":{"start":{"line":299,"column":0},"end":{"line":299,"column":52}},"299":{"start":{"line":300,"column":0},"end":{"line":300,"column":22}},"300":{"start":{"line":301,"column":0},"end":{"line":301,"column":19}},"301":{"start":{"line":302,"column":0},"end":{"line":302,"column":14}},"302":{"start":{"line":303,"column":0},"end":{"line":303,"column":10}},"304":{"start":{"line":305,"column":0},"end":{"line":305,"column":13}},"305":{"start":{"line":306,"column":0},"end":{"line":306,"column":13}},"306":{"start":{"line":307,"column":0},"end":{"line":307,"column":38}},"307":{"start":{"line":308,"column":0},"end":{"line":308,"column":40}},"308":{"start":{"line":309,"column":0},"end":{"line":309,"column":14}},"309":{"start":{"line":310,"column":0},"end":{"line":310,"column":62}},"310":{"start":{"line":311,"column":0},"end":{"line":311,"column":31}},"311":{"start":{"line":312,"column":0},"end":{"line":312,"column":29}},"312":{"start":{"line":313,"column":0},"end":{"line":313,"column":32}},"313":{"start":{"line":314,"column":0},"end":{"line":314,"column":69}},"314":{"start":{"line":315,"column":0},"end":{"line":315,"column":67}},"315":{"start":{"line":316,"column":0},"end":{"line":316,"column":30}},"316":{"start":{"line":317,"column":0},"end":{"line":317,"column":27}},"317":{"start":{"line":318,"column":0},"end":{"line":318,"column":34}},"318":{"start":{"line":319,"column":0},"end":{"line":319,"column":65}},"319":{"start":{"line":320,"column":0},"end":{"line":320,"column":27}},"320":{"start":{"line":321,"column":0},"end":{"line":321,"column":52}},"321":{"start":{"line":322,"column":0},"end":{"line":322,"column":22}},"322":{"start":{"line":323,"column":0},"end":{"line":323,"column":19}},"323":{"start":{"line":324,"column":0},"end":{"line":324,"column":14}},"324":{"start":{"line":325,"column":0},"end":{"line":325,"column":10}},"326":{"start":{"line":327,"column":0},"end":{"line":327,"column":13}},"327":{"start":{"line":328,"column":0},"end":{"line":328,"column":13}},"328":{"start":{"line":329,"column":0},"end":{"line":329,"column":38}},"329":{"start":{"line":330,"column":0},"end":{"line":330,"column":14}},"330":{"start":{"line":331,"column":0},"end":{"line":331,"column":34}},"331":{"start":{"line":332,"column":0},"end":{"line":332,"column":31}},"332":{"start":{"line":333,"column":0},"end":{"line":333,"column":53}},"333":{"start":{"line":334,"column":0},"end":{"line":334,"column":19}},"334":{"start":{"line":335,"column":0},"end":{"line":335,"column":14}},"335":{"start":{"line":336,"column":0},"end":{"line":336,"column":10}},"337":{"start":{"line":338,"column":0},"end":{"line":338,"column":24}},"338":{"start":{"line":339,"column":0},"end":{"line":339,"column":30}},"339":{"start":{"line":340,"column":0},"end":{"line":340,"column":33}},"340":{"start":{"line":341,"column":0},"end":{"line":341,"column":60}},"341":{"start":{"line":342,"column":0},"end":{"line":342,"column":19}},"342":{"start":{"line":343,"column":0},"end":{"line":343,"column":35}},"343":{"start":{"line":344,"column":0},"end":{"line":344,"column":31}},"344":{"start":{"line":345,"column":0},"end":{"line":345,"column":60}},"345":{"start":{"line":346,"column":0},"end":{"line":346,"column":55}},"346":{"start":{"line":347,"column":0},"end":{"line":347,"column":22}},"347":{"start":{"line":348,"column":0},"end":{"line":348,"column":19}},"348":{"start":{"line":349,"column":0},"end":{"line":349,"column":36}},"349":{"start":{"line":350,"column":0},"end":{"line":350,"column":32}},"350":{"start":{"line":351,"column":0},"end":{"line":351,"column":40}},"351":{"start":{"line":352,"column":0},"end":{"line":352,"column":63}},"352":{"start":{"line":353,"column":0},"end":{"line":353,"column":19}},"353":{"start":{"line":354,"column":0},"end":{"line":354,"column":42}},"354":{"start":{"line":355,"column":0},"end":{"line":355,"column":38}},"355":{"start":{"line":356,"column":0},"end":{"line":356,"column":52}},"356":{"start":{"line":357,"column":0},"end":{"line":357,"column":63}},"357":{"start":{"line":358,"column":0},"end":{"line":358,"column":19}},"358":{"start":{"line":359,"column":0},"end":{"line":359,"column":35}},"359":{"start":{"line":360,"column":0},"end":{"line":360,"column":31}},"360":{"start":{"line":361,"column":0},"end":{"line":361,"column":56}},"361":{"start":{"line":362,"column":0},"end":{"line":362,"column":19}},"362":{"start":{"line":363,"column":0},"end":{"line":363,"column":13}},"363":{"start":{"line":364,"column":0},"end":{"line":364,"column":27}},"364":{"start":{"line":365,"column":0},"end":{"line":365,"column":27}},"365":{"start":{"line":366,"column":0},"end":{"line":366,"column":15}},"366":{"start":{"line":367,"column":0},"end":{"line":367,"column":11}},"367":{"start":{"line":368,"column":0},"end":{"line":368,"column":6}},"368":{"start":{"line":369,"column":0},"end":{"line":369,"column":1}},"369":{"start":{"line":370,"column":0},"end":{"line":370,"column":59}},"370":{"start":{"line":371,"column":0},"end":{"line":371,"column":17}},"371":{"start":{"line":372,"column":0},"end":{"line":372,"column":40}},"372":{"start":{"line":373,"column":0},"end":{"line":373,"column":49}},"373":{"start":{"line":374,"column":0},"end":{"line":374,"column":3}},"375":{"start":{"line":376,"column":0},"end":{"line":376,"column":59}},"377":{"start":{"line":378,"column":0},"end":{"line":378,"column":55}},"378":{"start":{"line":379,"column":0},"end":{"line":379,"column":68}},"379":{"start":{"line":380,"column":0},"end":{"line":380,"column":44}},"380":{"start":{"line":381,"column":0},"end":{"line":381,"column":45}},"381":{"start":{"line":382,"column":0},"end":{"line":382,"column":46}},"382":{"start":{"line":383,"column":0},"end":{"line":383,"column":54}},"383":{"start":{"line":384,"column":0},"end":{"line":384,"column":50}},"384":{"start":{"line":385,"column":0},"end":{"line":385,"column":52}},"385":{"start":{"line":386,"column":0},"end":{"line":386,"column":50}},"386":{"start":{"line":387,"column":0},"end":{"line":387,"column":28}},"387":{"start":{"line":388,"column":0},"end":{"line":388,"column":42}},"388":{"start":{"line":389,"column":0},"end":{"line":389,"column":20}},"389":{"start":{"line":390,"column":0},"end":{"line":390,"column":7}},"390":{"start":{"line":391,"column":0},"end":{"line":391,"column":52}},"391":{"start":{"line":392,"column":0},"end":{"line":392,"column":39}},"392":{"start":{"line":393,"column":0},"end":{"line":393,"column":3}},"399":{"start":{"line":400,"column":0},"end":{"line":400,"column":70}},"400":{"start":{"line":401,"column":0},"end":{"line":401,"column":63}},"402":{"start":{"line":403,"column":0},"end":{"line":403,"column":27}},"403":{"start":{"line":404,"column":0},"end":{"line":404,"column":23}},"404":{"start":{"line":405,"column":0},"end":{"line":405,"column":67}},"405":{"start":{"line":406,"column":0},"end":{"line":406,"column":3}},"406":{"start":{"line":407,"column":0},"end":{"line":407,"column":66}},"407":{"start":{"line":408,"column":0},"end":{"line":408,"column":29}},"408":{"start":{"line":409,"column":0},"end":{"line":409,"column":38}},"409":{"start":{"line":410,"column":0},"end":{"line":410,"column":76}},"410":{"start":{"line":411,"column":0},"end":{"line":411,"column":14}},"411":{"start":{"line":412,"column":0},"end":{"line":412,"column":44}},"412":{"start":{"line":413,"column":0},"end":{"line":413,"column":76}},"413":{"start":{"line":414,"column":0},"end":{"line":414,"column":14}},"414":{"start":{"line":415,"column":0},"end":{"line":415,"column":37}},"415":{"start":{"line":416,"column":0},"end":{"line":416,"column":76}},"416":{"start":{"line":417,"column":0},"end":{"line":417,"column":14}},"417":{"start":{"line":418,"column":0},"end":{"line":418,"column":41}},"418":{"start":{"line":419,"column":0},"end":{"line":419,"column":78}},"419":{"start":{"line":420,"column":0},"end":{"line":420,"column":14}},"420":{"start":{"line":421,"column":0},"end":{"line":421,"column":37}},"421":{"start":{"line":422,"column":0},"end":{"line":422,"column":46}},"422":{"start":{"line":423,"column":0},"end":{"line":423,"column":14}},"423":{"start":{"line":424,"column":0},"end":{"line":424,"column":11}},"424":{"start":{"line":425,"column":0},"end":{"line":425,"column":6}},"426":{"start":{"line":427,"column":0},"end":{"line":427,"column":34}},"427":{"start":{"line":428,"column":0},"end":{"line":428,"column":41}},"428":{"start":{"line":429,"column":0},"end":{"line":429,"column":20}},"429":{"start":{"line":430,"column":0},"end":{"line":430,"column":1}}},"s":{"0":0,"8":0,"10":0,"11":0,"12":0,"13":0,"16":0,"17":0,"18":0,"19":0,"20":0,"21":0,"22":0,"23":0,"24":0,"25":0,"26":0,"27":0,"28":0,"29":0,"30":0,"31":0,"32":0,"33":0,"34":0,"35":0,"36":0,"38":0,"40":0,"41":0,"42":0,"43":0,"46":0,"47":0,"49":0,"50":0,"51":0,"52":0,"53":0,"54":0,"55":0,"56":0,"70":0,"71":0,"73":0,"86":0,"95":0,"96":0,"97":0,"98":0,"99":0,"100":0,"101":0,"102":0,"103":0,"104":0,"105":0,"106":0,"107":0,"108":0,"109":0,"110":0,"111":0,"112":0,"113":0,"136":0,"137":0,"139":0,"140":0,"141":0,"142":0,"143":0,"144":0,"145":0,"146":0,"147":0,"148":0,"149":0,"150":0,"151":0,"152":0,"153":0,"154":0,"155":0,"156":0,"157":0,"167":0,"168":0,"169":0,"170":0,"171":0,"172":0,"173":0,"174":0,"175":0,"176":0,"177":0,"178":0,"179":0,"181":0,"182":0,"183":0,"184":0,"185":0,"186":0,"187":0,"188":0,"189":0,"190":0,"191":0,"192":0,"193":0,"194":0,"195":0,"196":0,"197":0,"198":0,"199":0,"200":0,"201":0,"202":0,"203":0,"204":0,"205":0,"206":0,"207":0,"208":0,"209":0,"210":0,"211":0,"213":0,"214":0,"215":0,"216":0,"217":0,"218":0,"219":0,"220":0,"221":0,"222":0,"223":0,"224":0,"225":0,"226":0,"227":0,"228":0,"229":0,"230":0,"231":0,"232":0,"233":0,"234":0,"235":0,"236":0,"237":0,"238":0,"239":0,"240":0,"241":0,"242":0,"243":0,"245":0,"246":0,"247":0,"248":0,"249":0,"250":0,"251":0,"252":0,"253":0,"254":0,"255":0,"256":0,"257":0,"258":0,"259":0,"260":0,"261":0,"262":0,"263":0,"264":0,"265":0,"266":0,"268":0,"269":0,"270":0,"271":0,"272":0,"273":0,"274":0,"275":0,"276":0,"277":0,"278":0,"279":0,"280":0,"281":0,"282":0,"283":0,"285":0,"286":0,"287":0,"288":0,"289":0,"290":0,"291":0,"292":0,"293":0,"294":0,"295":0,"296":0,"297":0,"298":0,"299":0,"300":0,"301":0,"302":0,"304":0,"305":0,"306":0,"307":0,"308":0,"309":0,"310":0,"311":0,"312":0,"313":0,"314":0,"315":0,"316":0,"317":0,"318":0,"319":0,"320":0,"321":0,"322":0,"323":0,"324":0,"326":0,"327":0,"328":0,"329":0,"330":0,"331":0,"332":0,"333":0,"334":0,"335":0,"337":0,"338":0,"339":0,"340":0,"341":0,"342":0,"343":0,"344":0,"345":0,"346":0,"347":0,"348":0,"349":0,"350":0,"351":0,"352":0,"353":0,"354":0,"355":0,"356":0,"357":0,"358":0,"359":0,"360":0,"361":0,"362":0,"363":0,"364":0,"365":0,"366":0,"367":0,"368":0,"369":0,"370":0,"371":0,"372":0,"373":0,"375":0,"377":0,"378":0,"379":0,"380":0,"381":0,"382":0,"383":0,"384":0,"385":0,"386":0,"387":0,"388":0,"389":0,"390":0,"391":0,"392":0,"399":0,"400":0,"402":0,"403":0,"404":0,"405":0,"406":0,"407":0,"408":0,"409":0,"410":0,"411":0,"412":0,"413":0,"414":0,"415":0,"416":0,"417":0,"418":0,"419":0,"420":0,"421":0,"422":0,"423":0,"424":0,"426":0,"427":0,"428":0,"429":0},"branchMap":{"0":{"type":"branch","line":1,"loc":{"start":{"line":1,"column":14686},"end":{"line":436,"column":51}},"locations":[{"start":{"line":1,"column":14686},"end":{"line":436,"column":51}}]}},"b":{"0":[0]},"fnMap":{"0":{"name":"(empty-report)","decl":{"start":{"line":1,"column":14686},"end":{"line":436,"column":51}},"loc":{"start":{"line":1,"column":14686},"end":{"line":436,"column":51}},"line":1}},"f":{"0":0}}
,"/home/bathan1/dev/medfetch.js/medfetch/src/vite-env.d.ts": {"path":"/home/bathan1/dev/medfetch.js/medfetch/src/vite-env.d.ts","all":true,"statementMap":{},"s":{},"branchMap":{"0":{"type":"branch","line":1,"loc":{"start":{"line":1,"column":37},"end":{"line":1,"column":37}},"locations":[{"start":{"line":1,"column":37},"end":{"line":1,"column":37}}]}},"b":{"0":[1]},"fnMap":{"0":{"name":"(empty-report)","decl":{"start":{"line":1,"column":37},"end":{"line":1,"column":37}},"loc":{"start":{"line":1,"column":37},"end":{"line":1,"column":37}},"line":1}},"f":{"0":1}}
,"/home/bathan1/dev/medfetch.js/medfetch/src/sqlite-wasm/index.ts": {"path":"/home/bathan1/dev/medfetch.js/medfetch/src/sqlite-wasm/index.ts","all":true,"statementMap":{"0":{"start":{"line":1,"column":0},"end":{"line":1,"column":41}}},"s":{"0":0},"branchMap":{"0":{"type":"branch","line":1,"loc":{"start":{"line":1,"column":0},"end":{"line":2,"column":-1}},"locations":[{"start":{"line":1,"column":0},"end":{"line":2,"column":-1}}]}},"b":{"0":[0]},"fnMap":{"0":{"name":"(empty-report)","decl":{"start":{"line":1,"column":0},"end":{"line":2,"column":-1}},"loc":{"start":{"line":1,"column":0},"end":{"line":2,"column":-1}},"line":1}},"f":{"0":0}}
,"/home/bathan1/dev/medfetch.js/medfetch/src/sqlite-wasm/main.services.ts": {"path":"/home/bathan1/dev/medfetch.js/medfetch/src/sqlite-wasm/main.services.ts","all":true,"statementMap":{"0":{"start":{"line":1,"column":0},"end":{"line":1,"column":78}},"3":{"start":{"line":4,"column":0},"end":{"line":4,"column":22}},"4":{"start":{"line":5,"column":0},"end":{"line":5,"column":56}},"5":{"start":{"line":6,"column":0},"end":{"line":6,"column":39}},"7":{"start":{"line":8,"column":0},"end":{"line":8,"column":63}},"8":{"start":{"line":9,"column":0},"end":{"line":9,"column":41}},"9":{"start":{"line":10,"column":0},"end":{"line":10,"column":5}},"11":{"start":{"line":12,"column":0},"end":{"line":12,"column":19}},"12":{"start":{"line":13,"column":0},"end":{"line":13,"column":74}},"13":{"start":{"line":14,"column":0},"end":{"line":14,"column":47}},"14":{"start":{"line":15,"column":0},"end":{"line":15,"column":64}},"15":{"start":{"line":16,"column":0},"end":{"line":16,"column":44}},"16":{"start":{"line":17,"column":0},"end":{"line":17,"column":5}},"24":{"start":{"line":25,"column":0},"end":{"line":25,"column":50}},"25":{"start":{"line":26,"column":0},"end":{"line":26,"column":46}},"26":{"start":{"line":27,"column":0},"end":{"line":27,"column":46}},"27":{"start":{"line":28,"column":0},"end":{"line":28,"column":40}},"28":{"start":{"line":29,"column":0},"end":{"line":29,"column":5}},"35":{"start":{"line":36,"column":0},"end":{"line":36,"column":50}},"36":{"start":{"line":37,"column":0},"end":{"line":37,"column":56}},"37":{"start":{"line":38,"column":0},"end":{"line":38,"column":5}},"39":{"start":{"line":40,"column":0},"end":{"line":40,"column":28}},"40":{"start":{"line":41,"column":0},"end":{"line":41,"column":46}},"41":{"start":{"line":42,"column":0},"end":{"line":42,"column":5}},"43":{"start":{"line":44,"column":0},"end":{"line":44,"column":66}},"44":{"start":{"line":45,"column":0},"end":{"line":45,"column":56}},"45":{"start":{"line":46,"column":0},"end":{"line":46,"column":5}},"46":{"start":{"line":47,"column":0},"end":{"line":47,"column":1}}},"s":{"0":0,"3":0,"4":0,"5":0,"7":0,"8":0,"9":0,"11":0,"12":0,"13":0,"14":0,"15":0,"16":0,"24":0,"25":0,"26":0,"27":0,"28":0,"35":0,"36":0,"37":0,"39":0,"40":0,"41":0,"43":0,"44":0,"45":0,"46":0},"branchMap":{"0":{"type":"branch","line":1,"loc":{"start":{"line":1,"column":1541},"end":{"line":47,"column":1}},"locations":[{"start":{"line":1,"column":1541},"end":{"line":47,"column":1}}]}},"b":{"0":[0]},"fnMap":{"0":{"name":"(empty-report)","decl":{"start":{"line":1,"column":1541},"end":{"line":47,"column":1}},"loc":{"start":{"line":1,"column":1541},"end":{"line":47,"column":1}},"line":1}},"f":{"0":0}}
,"/home/bathan1/dev/medfetch.js/medfetch/src/sqlite-wasm/main.ts": {"path":"/home/bathan1/dev/medfetch.js/medfetch/src/sqlite-wasm/main.ts","all":true,"statementMap":{"0":{"start":{"line":1,"column":0},"end":{"line":1,"column":82}},"21":{"start":{"line":22,"column":0},"end":{"line":22,"column":29}},"22":{"start":{"line":23,"column":0},"end":{"line":23,"column":74}},"23":{"start":{"line":24,"column":0},"end":{"line":24,"column":1}},"31":{"start":{"line":32,"column":0},"end":{"line":32,"column":56}},"32":{"start":{"line":33,"column":0},"end":{"line":33,"column":14}},"33":{"start":{"line":34,"column":0},"end":{"line":34,"column":78}},"34":{"start":{"line":35,"column":0},"end":{"line":35,"column":35}},"35":{"start":{"line":36,"column":0},"end":{"line":36,"column":73}},"36":{"start":{"line":37,"column":0},"end":{"line":37,"column":16}},"37":{"start":{"line":38,"column":0},"end":{"line":38,"column":33}},"38":{"start":{"line":39,"column":0},"end":{"line":39,"column":30}},"39":{"start":{"line":40,"column":0},"end":{"line":40,"column":17}},"40":{"start":{"line":41,"column":0},"end":{"line":41,"column":42}},"41":{"start":{"line":42,"column":0},"end":{"line":42,"column":51}},"42":{"start":{"line":43,"column":0},"end":{"line":43,"column":65}},"43":{"start":{"line":44,"column":0},"end":{"line":44,"column":61}},"44":{"start":{"line":45,"column":0},"end":{"line":45,"column":16}},"45":{"start":{"line":46,"column":0},"end":{"line":46,"column":27}},"46":{"start":{"line":47,"column":0},"end":{"line":47,"column":34}},"47":{"start":{"line":48,"column":0},"end":{"line":48,"column":35}},"48":{"start":{"line":49,"column":0},"end":{"line":49,"column":17}},"49":{"start":{"line":50,"column":0},"end":{"line":50,"column":5}},"50":{"start":{"line":51,"column":0},"end":{"line":51,"column":20}},"51":{"start":{"line":52,"column":0},"end":{"line":52,"column":78}},"52":{"start":{"line":53,"column":0},"end":{"line":53,"column":6}},"53":{"start":{"line":54,"column":0},"end":{"line":54,"column":1}},"65":{"start":{"line":66,"column":0},"end":{"line":66,"column":15}},"66":{"start":{"line":67,"column":0},"end":{"line":67,"column":32}},"67":{"start":{"line":68,"column":0},"end":{"line":68,"column":21}},"68":{"start":{"line":69,"column":0},"end":{"line":69,"column":28}},"69":{"start":{"line":70,"column":0},"end":{"line":70,"column":48}},"70":{"start":{"line":71,"column":0},"end":{"line":71,"column":18}},"71":{"start":{"line":72,"column":0},"end":{"line":72,"column":19}},"72":{"start":{"line":73,"column":0},"end":{"line":73,"column":21}},"73":{"start":{"line":74,"column":0},"end":{"line":74,"column":75}},"74":{"start":{"line":75,"column":0},"end":{"line":75,"column":57}},"75":{"start":{"line":76,"column":0},"end":{"line":76,"column":57}},"76":{"start":{"line":77,"column":0},"end":{"line":77,"column":43}},"77":{"start":{"line":78,"column":0},"end":{"line":78,"column":6}},"78":{"start":{"line":79,"column":0},"end":{"line":79,"column":1}},"106":{"start":{"line":107,"column":0},"end":{"line":107,"column":41}},"107":{"start":{"line":108,"column":0},"end":{"line":108,"column":22}},"108":{"start":{"line":109,"column":0},"end":{"line":109,"column":34}},"109":{"start":{"line":110,"column":0},"end":{"line":110,"column":20}},"110":{"start":{"line":111,"column":0},"end":{"line":111,"column":66}},"111":{"start":{"line":112,"column":0},"end":{"line":112,"column":32}},"112":{"start":{"line":113,"column":0},"end":{"line":113,"column":14}},"113":{"start":{"line":114,"column":0},"end":{"line":114,"column":31}},"114":{"start":{"line":115,"column":0},"end":{"line":115,"column":10}},"117":{"start":{"line":118,"column":0},"end":{"line":118,"column":38}},"119":{"start":{"line":120,"column":0},"end":{"line":120,"column":53}},"120":{"start":{"line":121,"column":0},"end":{"line":121,"column":49}},"121":{"start":{"line":122,"column":0},"end":{"line":122,"column":22}},"122":{"start":{"line":123,"column":0},"end":{"line":123,"column":28}},"123":{"start":{"line":124,"column":0},"end":{"line":124,"column":72}},"124":{"start":{"line":125,"column":0},"end":{"line":125,"column":29}},"125":{"start":{"line":126,"column":0},"end":{"line":126,"column":18}},"126":{"start":{"line":127,"column":0},"end":{"line":127,"column":78}},"127":{"start":{"line":128,"column":0},"end":{"line":128,"column":35}},"128":{"start":{"line":129,"column":0},"end":{"line":129,"column":51}},"129":{"start":{"line":130,"column":0},"end":{"line":130,"column":13}},"130":{"start":{"line":131,"column":0},"end":{"line":131,"column":29}},"131":{"start":{"line":132,"column":0},"end":{"line":132,"column":10}},"132":{"start":{"line":133,"column":0},"end":{"line":133,"column":72}},"133":{"start":{"line":134,"column":0},"end":{"line":134,"column":19}},"134":{"start":{"line":135,"column":0},"end":{"line":135,"column":11}},"135":{"start":{"line":136,"column":0},"end":{"line":136,"column":41}},"136":{"start":{"line":137,"column":0},"end":{"line":137,"column":36}},"137":{"start":{"line":138,"column":0},"end":{"line":138,"column":75}},"138":{"start":{"line":139,"column":0},"end":{"line":139,"column":45}},"140":{"start":{"line":141,"column":0},"end":{"line":141,"column":42}},"141":{"start":{"line":142,"column":0},"end":{"line":142,"column":12}},"142":{"start":{"line":143,"column":0},"end":{"line":143,"column":18}},"143":{"start":{"line":144,"column":0},"end":{"line":144,"column":25}},"144":{"start":{"line":145,"column":0},"end":{"line":145,"column":114}},"145":{"start":{"line":146,"column":0},"end":{"line":146,"column":14}},"146":{"start":{"line":147,"column":0},"end":{"line":147,"column":77}},"147":{"start":{"line":148,"column":0},"end":{"line":148,"column":5}},"148":{"start":{"line":149,"column":0},"end":{"line":149,"column":1}},"151":{"start":{"line":152,"column":0},"end":{"line":152,"column":54}},"161":{"start":{"line":162,"column":0},"end":{"line":162,"column":63}},"162":{"start":{"line":163,"column":0},"end":{"line":163,"column":54}},"163":{"start":{"line":164,"column":0},"end":{"line":164,"column":24}},"164":{"start":{"line":165,"column":0},"end":{"line":165,"column":1}},"170":{"start":{"line":171,"column":0},"end":{"line":171,"column":32}},"171":{"start":{"line":172,"column":0},"end":{"line":172,"column":45}},"172":{"start":{"line":173,"column":0},"end":{"line":173,"column":55}},"173":{"start":{"line":174,"column":0},"end":{"line":174,"column":24}},"174":{"start":{"line":175,"column":0},"end":{"line":175,"column":14}},"175":{"start":{"line":176,"column":0},"end":{"line":176,"column":1}}},"s":{"0":0,"21":0,"22":0,"23":0,"31":0,"32":0,"33":0,"34":0,"35":0,"36":0,"37":0,"38":0,"39":0,"40":0,"41":0,"42":0,"43":0,"44":0,"45":0,"46":0,"47":0,"48":0,"49":0,"50":0,"51":0,"52":0,"53":0,"65":0,"66":0,"67":0,"68":0,"69":0,"70":0,"71":0,"72":0,"73":0,"74":0,"75":0,"76":0,"77":0,"78":0,"106":0,"107":0,"108":0,"109":0,"110":0,"111":0,"112":0,"113":0,"114":0,"117":0,"119":0,"120":0,"121":0,"122":0,"123":0,"124":0,"125":0,"126":0,"127":0,"128":0,"129":0,"130":0,"131":0,"132":0,"133":0,"134":0,"135":0,"136":0,"137":0,"138":0,"140":0,"141":0,"142":0,"143":0,"144":0,"145":0,"146":0,"147":0,"148":0,"151":0,"161":0,"162":0,"163":0,"164":0,"170":0,"171":0,"172":0,"173":0,"174":0,"175":0},"branchMap":{"0":{"type":"branch","line":1,"loc":{"start":{"line":1,"column":5818},"end":{"line":176,"column":1}},"locations":[{"start":{"line":1,"column":5818},"end":{"line":176,"column":1}}]}},"b":{"0":[0]},"fnMap":{"0":{"name":"(empty-report)","decl":{"start":{"line":1,"column":5818},"end":{"line":176,"column":1}},"loc":{"start":{"line":1,"column":5818},"end":{"line":176,"column":1}},"line":1}},"f":{"0":0}}
,"/home/bathan1/dev/medfetch.js/medfetch/src/sqlite-wasm/medfetch.ts": {"path":"/home/bathan1/dev/medfetch.js/medfetch/src/sqlite-wasm/medfetch.ts","all":true,"statementMap":{"0":{"start":{"line":1,"column":0},"end":{"line":1,"column":38}},"4":{"start":{"line":5,"column":0},"end":{"line":5,"column":32}},"6":{"start":{"line":7,"column":0},"end":{"line":7,"column":31}},"7":{"start":{"line":8,"column":0},"end":{"line":8,"column":31}},"8":{"start":{"line":9,"column":0},"end":{"line":9,"column":43}},"9":{"start":{"line":10,"column":0},"end":{"line":10,"column":5}},"10":{"start":{"line":11,"column":0},"end":{"line":11,"column":24}},"12":{"start":{"line":13,"column":0},"end":{"line":13,"column":23}},"14":{"start":{"line":15,"column":0},"end":{"line":15,"column":70}},"16":{"start":{"line":17,"column":0},"end":{"line":17,"column":57}},"17":{"start":{"line":18,"column":0},"end":{"line":18,"column":10}},"18":{"start":{"line":19,"column":0},"end":{"line":19,"column":1}},"33":{"start":{"line":34,"column":0},"end":{"line":34,"column":78}},"36":{"start":{"line":37,"column":0},"end":{"line":37,"column":5}},"43":{"start":{"line":44,"column":0},"end":{"line":44,"column":34}},"45":{"start":{"line":46,"column":0},"end":{"line":46,"column":31}},"46":{"start":{"line":47,"column":0},"end":{"line":47,"column":26}},"47":{"start":{"line":48,"column":0},"end":{"line":48,"column":13}},"48":{"start":{"line":49,"column":0},"end":{"line":49,"column":59}},"49":{"start":{"line":50,"column":0},"end":{"line":50,"column":62}},"50":{"start":{"line":51,"column":0},"end":{"line":51,"column":47}},"51":{"start":{"line":52,"column":0},"end":{"line":52,"column":28}},"52":{"start":{"line":53,"column":0},"end":{"line":53,"column":43}},"53":{"start":{"line":54,"column":0},"end":{"line":54,"column":47}},"54":{"start":{"line":55,"column":0},"end":{"line":55,"column":52}},"55":{"start":{"line":56,"column":0},"end":{"line":56,"column":40}},"56":{"start":{"line":57,"column":0},"end":{"line":57,"column":22}},"57":{"start":{"line":58,"column":0},"end":{"line":58,"column":39}},"58":{"start":{"line":59,"column":0},"end":{"line":59,"column":18}},"59":{"start":{"line":60,"column":0},"end":{"line":60,"column":56}},"60":{"start":{"line":61,"column":0},"end":{"line":61,"column":24}},"61":{"start":{"line":62,"column":0},"end":{"line":62,"column":51}},"62":{"start":{"line":63,"column":0},"end":{"line":63,"column":54}},"63":{"start":{"line":64,"column":0},"end":{"line":64,"column":23}},"64":{"start":{"line":65,"column":0},"end":{"line":65,"column":72}},"65":{"start":{"line":66,"column":0},"end":{"line":66,"column":39}},"66":{"start":{"line":67,"column":0},"end":{"line":67,"column":28}},"67":{"start":{"line":68,"column":0},"end":{"line":68,"column":72}},"68":{"start":{"line":69,"column":0},"end":{"line":69,"column":31}},"69":{"start":{"line":70,"column":0},"end":{"line":70,"column":38}},"70":{"start":{"line":71,"column":0},"end":{"line":71,"column":80}},"71":{"start":{"line":72,"column":0},"end":{"line":72,"column":30}},"72":{"start":{"line":73,"column":0},"end":{"line":73,"column":26}},"73":{"start":{"line":74,"column":0},"end":{"line":74,"column":21}},"74":{"start":{"line":75,"column":0},"end":{"line":75,"column":18}},"75":{"start":{"line":76,"column":0},"end":{"line":76,"column":61}},"76":{"start":{"line":77,"column":0},"end":{"line":77,"column":30}},"77":{"start":{"line":78,"column":0},"end":{"line":78,"column":40}},"78":{"start":{"line":79,"column":0},"end":{"line":79,"column":21}},"79":{"start":{"line":80,"column":0},"end":{"line":80,"column":37}},"80":{"start":{"line":81,"column":0},"end":{"line":81,"column":22}},"81":{"start":{"line":82,"column":0},"end":{"line":82,"column":28}},"82":{"start":{"line":83,"column":0},"end":{"line":83,"column":18}},"83":{"start":{"line":84,"column":0},"end":{"line":84,"column":15}},"84":{"start":{"line":85,"column":0},"end":{"line":85,"column":6}},"85":{"start":{"line":86,"column":0},"end":{"line":86,"column":1}},"95":{"start":{"line":96,"column":0},"end":{"line":96,"column":25}},"96":{"start":{"line":97,"column":0},"end":{"line":97,"column":20}},"97":{"start":{"line":98,"column":0},"end":{"line":98,"column":60}},"98":{"start":{"line":99,"column":0},"end":{"line":99,"column":38}},"99":{"start":{"line":100,"column":0},"end":{"line":100,"column":23}},"100":{"start":{"line":101,"column":0},"end":{"line":101,"column":20}},"101":{"start":{"line":102,"column":0},"end":{"line":102,"column":25}},"102":{"start":{"line":103,"column":0},"end":{"line":103,"column":89}},"103":{"start":{"line":104,"column":0},"end":{"line":104,"column":14}},"104":{"start":{"line":105,"column":0},"end":{"line":105,"column":9}},"105":{"start":{"line":106,"column":0},"end":{"line":106,"column":57}},"106":{"start":{"line":107,"column":0},"end":{"line":107,"column":5}},"108":{"start":{"line":109,"column":0},"end":{"line":109,"column":50}},"109":{"start":{"line":110,"column":0},"end":{"line":110,"column":24}},"110":{"start":{"line":111,"column":0},"end":{"line":111,"column":29}},"111":{"start":{"line":112,"column":0},"end":{"line":112,"column":16}},"112":{"start":{"line":113,"column":0},"end":{"line":113,"column":58}},"113":{"start":{"line":114,"column":0},"end":{"line":114,"column":24}},"114":{"start":{"line":115,"column":0},"end":{"line":115,"column":31}},"115":{"start":{"line":116,"column":0},"end":{"line":116,"column":76}},"116":{"start":{"line":117,"column":0},"end":{"line":117,"column":36}},"117":{"start":{"line":118,"column":0},"end":{"line":118,"column":33}},"118":{"start":{"line":119,"column":0},"end":{"line":119,"column":23}},"119":{"start":{"line":120,"column":0},"end":{"line":120,"column":63}},"120":{"start":{"line":121,"column":0},"end":{"line":121,"column":24}},"121":{"start":{"line":122,"column":0},"end":{"line":122,"column":75}},"122":{"start":{"line":123,"column":0},"end":{"line":123,"column":63}},"123":{"start":{"line":124,"column":0},"end":{"line":124,"column":17}},"124":{"start":{"line":125,"column":0},"end":{"line":125,"column":13}},"125":{"start":{"line":126,"column":0},"end":{"line":126,"column":54}},"126":{"start":{"line":127,"column":0},"end":{"line":127,"column":52}},"127":{"start":{"line":128,"column":0},"end":{"line":128,"column":17}},"128":{"start":{"line":129,"column":0},"end":{"line":129,"column":25}},"129":{"start":{"line":130,"column":0},"end":{"line":130,"column":40}},"130":{"start":{"line":131,"column":0},"end":{"line":131,"column":27}},"131":{"start":{"line":132,"column":0},"end":{"line":132,"column":58}},"132":{"start":{"line":133,"column":0},"end":{"line":133,"column":47}},"133":{"start":{"line":134,"column":0},"end":{"line":134,"column":63}},"134":{"start":{"line":135,"column":0},"end":{"line":135,"column":22}},"135":{"start":{"line":136,"column":0},"end":{"line":136,"column":18}},"136":{"start":{"line":137,"column":0},"end":{"line":137,"column":24}},"137":{"start":{"line":138,"column":0},"end":{"line":138,"column":14}},"138":{"start":{"line":139,"column":0},"end":{"line":139,"column":34}},"139":{"start":{"line":140,"column":0},"end":{"line":140,"column":55}},"140":{"start":{"line":141,"column":0},"end":{"line":141,"column":106}},"141":{"start":{"line":142,"column":0},"end":{"line":142,"column":40}},"142":{"start":{"line":143,"column":0},"end":{"line":143,"column":19}},"143":{"start":{"line":144,"column":0},"end":{"line":144,"column":13}},"144":{"start":{"line":145,"column":0},"end":{"line":145,"column":29}},"145":{"start":{"line":146,"column":0},"end":{"line":146,"column":29}},"146":{"start":{"line":147,"column":0},"end":{"line":147,"column":9}},"147":{"start":{"line":148,"column":0},"end":{"line":148,"column":7}},"149":{"start":{"line":150,"column":0},"end":{"line":150,"column":37}},"150":{"start":{"line":151,"column":0},"end":{"line":151,"column":38}},"151":{"start":{"line":152,"column":0},"end":{"line":152,"column":22}},"152":{"start":{"line":153,"column":0},"end":{"line":153,"column":7}},"153":{"start":{"line":154,"column":0},"end":{"line":154,"column":43}},"154":{"start":{"line":155,"column":0},"end":{"line":155,"column":57}},"155":{"start":{"line":156,"column":0},"end":{"line":156,"column":15}},"156":{"start":{"line":157,"column":0},"end":{"line":157,"column":10}},"157":{"start":{"line":158,"column":0},"end":{"line":158,"column":40}},"158":{"start":{"line":159,"column":0},"end":{"line":159,"column":45}},"159":{"start":{"line":160,"column":0},"end":{"line":160,"column":54}},"160":{"start":{"line":161,"column":0},"end":{"line":161,"column":29}},"161":{"start":{"line":162,"column":0},"end":{"line":162,"column":21}},"162":{"start":{"line":163,"column":0},"end":{"line":163,"column":23}},"163":{"start":{"line":164,"column":0},"end":{"line":164,"column":37}},"164":{"start":{"line":165,"column":0},"end":{"line":165,"column":38}},"165":{"start":{"line":166,"column":0},"end":{"line":166,"column":18}},"166":{"start":{"line":167,"column":0},"end":{"line":167,"column":15}},"167":{"start":{"line":168,"column":0},"end":{"line":168,"column":44}},"168":{"start":{"line":169,"column":0},"end":{"line":169,"column":11}},"169":{"start":{"line":170,"column":0},"end":{"line":170,"column":13}},"170":{"start":{"line":171,"column":0},"end":{"line":171,"column":1}}},"s":{"0":0,"4":0,"6":0,"7":0,"8":0,"9":0,"10":0,"12":0,"14":0,"16":0,"17":0,"18":0,"33":0,"36":0,"43":0,"45":0,"46":0,"47":0,"48":0,"49":0,"50":0,"51":0,"52":0,"53":0,"54":0,"55":0,"56":0,"57":0,"58":0,"59":0,"60":0,"61":0,"62":0,"63":0,"64":0,"65":0,"66":0,"67":0,"68":0,"69":0,"70":0,"71":0,"72":0,"73":0,"74":0,"75":0,"76":0,"77":0,"78":0,"79":0,"80":0,"81":0,"82":0,"83":0,"84":0,"85":0,"95":0,"96":0,"97":0,"98":0,"99":0,"100":0,"101":0,"102":0,"103":0,"104":0,"105":0,"106":0,"108":0,"109":0,"110":0,"111":0,"112":0,"113":0,"114":0,"115":0,"116":0,"117":0,"118":0,"119":0,"120":0,"121":0,"122":0,"123":0,"124":0,"125":0,"126":0,"127":0,"128":0,"129":0,"130":0,"131":0,"132":0,"133":0,"134":0,"135":0,"136":0,"137":0,"138":0,"139":0,"140":0,"141":0,"142":0,"143":0,"144":0,"145":0,"146":0,"147":0,"149":0,"150":0,"151":0,"152":0,"153":0,"154":0,"155":0,"156":0,"157":0,"158":0,"159":0,"160":0,"161":0,"162":0,"163":0,"164":0,"165":0,"166":0,"167":0,"168":0,"169":0,"170":0},"branchMap":{"0":{"type":"branch","line":1,"loc":{"start":{"line":1,"column":5467},"end":{"line":171,"column":1}},"locations":[{"start":{"line":1,"column":5467},"end":{"line":171,"column":1}}]}},"b":{"0":[0]},"fnMap":{"0":{"name":"(empty-report)","decl":{"start":{"line":1,"column":5467},"end":{"line":171,"column":1}},"loc":{"start":{"line":1,"column":5467},"end":{"line":171,"column":1}},"line":1}},"f":{"0":0}}
,"/home/bathan1/dev/medfetch.js/medfetch/src/sqlite-wasm/medfetch.vtab.ts": {"path":"/home/bathan1/dev/medfetch.js/medfetch/src/sqlite-wasm/medfetch.vtab.ts","all":true,"statementMap":{"0":{"start":{"line":1,"column":0},"end":{"line":1,"column":14}},"10":{"start":{"line":11,"column":0},"end":{"line":11,"column":29}},"11":{"start":{"line":12,"column":0},"end":{"line":12,"column":80}},"13":{"start":{"line":14,"column":0},"end":{"line":14,"column":42}},"18":{"start":{"line":19,"column":0},"end":{"line":19,"column":44}},"19":{"start":{"line":20,"column":0},"end":{"line":20,"column":41}},"20":{"start":{"line":21,"column":0},"end":{"line":21,"column":3}},"22":{"start":{"line":23,"column":0},"end":{"line":23,"column":4}},"23":{"start":{"line":24,"column":0},"end":{"line":24,"column":53}},"24":{"start":{"line":25,"column":0},"end":{"line":25,"column":63}},"25":{"start":{"line":26,"column":0},"end":{"line":26,"column":25}},"26":{"start":{"line":27,"column":0},"end":{"line":27,"column":5}},"27":{"start":{"line":28,"column":0},"end":{"line":28,"column":1}},"33":{"start":{"line":34,"column":0},"end":{"line":34,"column":65}},"34":{"start":{"line":35,"column":0},"end":{"line":35,"column":79}},"35":{"start":{"line":36,"column":0},"end":{"line":36,"column":72}},"36":{"start":{"line":37,"column":0},"end":{"line":37,"column":47}},"37":{"start":{"line":38,"column":0},"end":{"line":38,"column":1}},"47":{"start":{"line":48,"column":0},"end":{"line":48,"column":40}},"48":{"start":{"line":49,"column":0},"end":{"line":49,"column":63}},"49":{"start":{"line":50,"column":0},"end":{"line":50,"column":66}},"50":{"start":{"line":51,"column":0},"end":{"line":51,"column":22}},"51":{"start":{"line":52,"column":0},"end":{"line":52,"column":58}},"53":{"start":{"line":54,"column":0},"end":{"line":54,"column":35}},"54":{"start":{"line":55,"column":0},"end":{"line":55,"column":6}},"56":{"start":{"line":57,"column":0},"end":{"line":57,"column":54}},"57":{"start":{"line":58,"column":0},"end":{"line":58,"column":96}},"59":{"start":{"line":60,"column":0},"end":{"line":60,"column":23}},"60":{"start":{"line":61,"column":0},"end":{"line":61,"column":46}},"61":{"start":{"line":62,"column":0},"end":{"line":62,"column":57}},"62":{"start":{"line":63,"column":0},"end":{"line":63,"column":5}},"65":{"start":{"line":66,"column":0},"end":{"line":66,"column":37}},"66":{"start":{"line":67,"column":0},"end":{"line":67,"column":35}},"67":{"start":{"line":68,"column":0},"end":{"line":68,"column":1}},"69":{"start":{"line":70,"column":0},"end":{"line":70,"column":28}},"70":{"start":{"line":71,"column":0},"end":{"line":71,"column":34}},"73":{"start":{"line":74,"column":0},"end":{"line":74,"column":52}},"74":{"start":{"line":75,"column":0},"end":{"line":75,"col
[...]
60,"column":20}},"60":{"start":{"line":61,"column":0},"end":{"line":61,"column":50}},"61":{"start":{"line":62,"column":0},"end":{"line":62,"column":34}},"62":{"start":{"line":63,"column":0},"end":{"line":63,"column":97}},"63":{"start":{"line":64,"column":0},"end":{"line":64,"column":19}},"64":{"start":{"line":65,"column":0},"end":{"line":65,"column":13}},"65":{"start":{"line":66,"column":0},"end":{"line":66,"column":10}},"66":{"start":{"line":67,"column":0},"end":{"line":67,"column":7}},"67":{"start":{"line":68,"column":0},"end":{"line":68,"column":1}},"77":{"start":{"line":78,"column":0},"end":{"line":78,"column":36}},"78":{"start":{"line":79,"column":0},"end":{"line":79,"column":25}},"79":{"start":{"line":80,"column":0},"end":{"line":80,"column":54}},"80":{"start":{"line":81,"column":0},"end":{"line":81,"column":2}},"90":{"start":{"line":91,"column":0},"end":{"line":91,"column":56}},"91":{"start":{"line":92,"column":0},"end":{"line":92,"column":61}},"112":{"start":{"line":113,"column":0},"end":{"line":113,"column":54}},"113":{"start":{"line":114,"column":0},"end":{"line":114,"column":39}},"114":{"start":{"line":115,"column":0},"end":{"line":115,"column":3}},"127":{"start":{"line":128,"column":0},"end":{"line":128,"column":5}},"129":{"start":{"line":130,"column":0},"end":{"line":130,"column":39}},"130":{"start":{"line":131,"column":0},"end":{"line":131,"column":23}},"131":{"start":{"line":132,"column":0},"end":{"line":132,"column":24}},"132":{"start":{"line":133,"column":0},"end":{"line":133,"column":25}},"137":{"start":{"line":138,"column":0},"end":{"line":138,"column":20}},"139":{"start":{"line":140,"column":0},"end":{"line":140,"column":23}},"140":{"start":{"line":141,"column":0},"end":{"line":141,"column":40}},"141":{"start":{"line":142,"column":0},"end":{"line":142,"column":44}},"142":{"start":{"line":143,"column":0},"end":{"line":143,"column":93}},"143":{"start":{"line":144,"column":0},"end":{"line":144,"column":36}},"144":{"start":{"line":145,"column":0},"end":{"line":145,"column":25}},"145":{"start":{"line":146,"column":0},"end":{"line":146,"column":19}},"146":{"start":{"line":147,"column":0},"end":{"line":147,"column":20}},"147":{"start":{"line":148,"column":0},"end":{"line":148,"column":44}},"148":{"start":{"line":149,"column":0},"end":{"line":149,"column":39}},"149":{"start":{"line":150,"column":0},"end":{"line":150,"column":38}},"150":{"start":{"line":151,"column":0},"end":{"line":151,"column":25}},"151":{"start":{"line":152,"column":0},"end":{"line":152,"column":41}},"152":{"start":{"line":153,"column":0},"end":{"line":153,"column":19}},"153":{"start":{"line":154,"column":0},"end":{"line":154,"column":13}},"154":{"start":{"line":155,"column":0},"end":{"line":155,"column":10}},"155":{"start":{"line":156,"column":0},"end":{"line":156,"column":7}},"170":{"start":{"line":171,"column":0},"end":{"line":171,"column":41}},"171":{"start":{"line":172,"column":0},"end":{"line":172,"column":30}},"172":{"start":{"line":173,"column":0},"end":{"line":173,"column":14}},"173":{"start":{"line":174,"column":0},"end":{"line":174,"column":35}},"174":{"start":{"line":175,"column":0},"end":{"line":175,"column":37}},"175":{"start":{"line":176,"column":0},"end":{"line":176,"column":32}},"176":{"start":{"line":177,"column":0},"end":{"line":177,"column":76}},"177":{"start":{"line":178,"column":0},"end":{"line":178,"column":25}},"178":{"start":{"line":179,"column":0},"end":{"line":179,"column":45}},"179":{"start":{"line":180,"column":0},"end":{"line":180,"column":73}},"180":{"start":{"line":181,"column":0},"end":{"line":181,"column":33}},"181":{"start":{"line":182,"column":0},"end":{"line":182,"column":54}},"182":{"start":{"line":183,"column":0},"end":{"line":183,"column":27}},"183":{"start":{"line":184,"column":0},"end":{"line":184,"column":18}},"184":{"start":{"line":185,"column":0},"end":{"line":185,"column":14}},"185":{"start":{"line":186,"column":0},"end":{"line":186,"column":9}},"186":{"start":{"line":187,"column":0},"end":{"line":187,"column":14}},"187":{"start":{"line":188,"column":0},"end":{"line":188,"column":27}},"188":{"start":{"line":189,"column":0},"end":{"line":189,"column":37}},"189":{"start":{"line":190,"column":0},"end":{"line":190,"column":80}},"190":{"start":{"line":191,"column":0},"end":{"line":191,"column":62}},"191":{"start":{"line":192,"column":0},"end":{"line":192,"column":49}},"192":{"start":{"line":193,"column":0},"end":{"line":193,"column":28}},"193":{"start":{"line":194,"column":0},"end":{"line":194,"column":45}},"194":{"start":{"line":195,"column":0},"end":{"line":195,"column":155}},"195":{"start":{"line":196,"column":0},"end":{"line":196,"column":33}},"196":{"start":{"line":197,"column":0},"end":{"line":197,"column":65}},"197":{"start":{"line":198,"column":0},"end":{"line":198,"column":27}},"198":{"start":{"line":199,"column":0},"end":{"line":199,"column":18}},"199":{"start":{"line":200,"column":0},"end":{"line":200,"column":14}},"200":{"start":{"line":201,"column":0},"end":{"line":201,"column":10}},"201":{"start":{"line":202,"column":0},"end":{"line":202,"column":1}},"210":{"start":{"line":211,"column":0},"end":{"line":211,"column":34}},"211":{"start":{"line":212,"column":0},"end":{"line":212,"column":27}},"212":{"start":{"line":213,"column":0},"end":{"line":213,"column":22}},"213":{"start":{"line":214,"column":0},"end":{"line":214,"column":19}},"214":{"start":{"line":215,"column":0},"end":{"line":215,"column":70}},"215":{"start":{"line":216,"column":0},"end":{"line":216,"column":44}},"216":{"start":{"line":217,"column":0},"end":{"line":217,"column":40}},"217":{"start":{"line":218,"column":0},"end":{"line":218,"column":31}},"218":{"start":{"line":219,"column":0},"end":{"line":219,"column":54}},"219":{"start":{"line":220,"column":0},"end":{"line":220,"column":31}},"220":{"start":{"line":221,"column":0},"end":{"line":221,"column":34}},"221":{"start":{"line":222,"column":0},"end":{"line":222,"column":89}},"222":{"start":{"line":223,"column":0},"end":{"line":223,"column":22}},"223":{"start":{"line":224,"column":0},"end":{"line":224,"column":48}},"224":{"start":{"line":225,"column":0},"end":{"line":225,"column":36}},"225":{"start":{"line":226,"column":0},"end":{"line":226,"column":40}},"226":{"start":{"line":227,"column":0},"end":{"line":227,"column":40}},"227":{"start":{"line":228,"column":0},"end":{"line":228,"column":23}},"228":{"start":{"line":229,"column":0},"end":{"line":229,"column":18}},"229":{"start":{"line":230,"column":0},"end":{"line":230,"column":15}},"230":{"start":{"line":231,"column":0},"end":{"line":231,"column":10}},"231":{"start":{"line":232,"column":0},"end":{"line":232,"column":6}},"232":{"start":{"line":233,"column":0},"end":{"line":233,"column":1}}},"s":{"0":0,"12":0,"13":0,"14":0,"18":0,"29":0,"30":0,"31":0,"36":0,"37":0,"38":0,"45":0,"46":0,"47":0,"48":0,"49":0,"50":0,"51":0,"52":0,"53":0,"54":0,"55":0,"56":0,"57":0,"58":0,"59":0,"60":0,"61":0,"62":0,"63":0,"64":0,"65":0,"66":0,"67":0,"77":0,"78":0,"79":0,"80":0,"90":0,"91":0,"112":0,"113":0,"114":0,"127":0,"129":0,"130":0,"131":0,"132":0,"137":0,"139":0,"140":0,"141":0,"142":0,"143":0,"144":0,"145":0,"146":0,"147":0,"148":0,"149":0,"150":0,"151":0,"152":0,"153":0,"154":0,"155":0,"170":0,"171":0,"172":0,"173":0,"174":0,"175":0,"176":0,"177":0,"178":0,"179":0,"180":0,"181":0,"182":0,"183":0,"184":0,"185":0,"186":0,"187":0,"188":0,"189":0,"190":0,"191":0,"192":0,"193":0,"194":0,"195":0,"196":0,"197":0,"198":0,"199":0,"200":0,"201":0,"210":0,"211":0,"212":0,"213":0,"214":0,"215":0,"216":0,"217":0,"218":0,"219":0,"220":0,"221":0,"222":0,"223":0,"224":0,"225":0,"226":0,"227":0,"228":0,"229":0,"230":0,"231":0,"232":0},"branchMap":{"0":{"type":"branch","line":1,"loc":{"start":{"line":1,"column":7409},"end":{"line":233,"column":1}},"locations":[{"start":{"line":1,"column":7409},"end":{"line":233,"column":1}}]}},"b":{"0":[0]},"fnMap":{"0":{"name":"(empty-report)","decl":{"start":{"line":1,"column":7409},"end":{"line":233,"column":1}},"loc":{"start":{"line":1,"column":7409},"end":{"line":233,"column":1}},"line":1}},"f":{"0":0}}
,"/home/bathan1/dev/medfetch.js/medfetch/src/sqlite-wasm/worker1.ts": {"path":"/home/bathan1/dev/medfetch.js/medfetch/src/sqlite-wasm/worker1.ts","all":true,"statementMap":{"0":{"start":{"line":1,"column":0},"end":{"line":1,"column":33}},"7":{"start":{"line":8,"column":0},"end":{"line":8,"column":45}},"13":{"start":{"line":14,"column":0},"end":{"line":14,"column":31}},"17":{"start":{"line":18,"column":0},"end":{"line":18,"column":25}},"18":{"start":{"line":19,"column":0},"end":{"line":19,"column":34}},"19":{"start":{"line":20,"column":0},"end":{"line":20,"column":33}},"20":{"start":{"line":21,"column":0},"end":{"line":21,"column":3}},"21":{"start":{"line":22,"column":0},"end":{"line":22,"column":37}},"22":{"start":{"line":23,"column":0},"end":{"line":23,"column":54}},"23":{"start":{"line":24,"column":0},"end":{"line":24,"column":56}},"24":{"start":{"line":25,"column":0},"end":{"line":25,"column":54}},"25":{"start":{"line":26,"column":0},"end":{"line":26,"column":58}},"26":{"start":{"line":27,"column":0},"end":{"line":27,"column":65}},"27":{"start":{"line":28,"column":0},"end":{"line":28,"column":67}},"28":{"start":{"line":29,"column":0},"end":{"line":29,"column":25}},"29":{"start":{"line":30,"column":0},"end":{"line":30,"column":6}},"30":{"start":{"line":31,"column":0},"end":{"line":31,"column":1}},"38":{"start":{"line":39,"column":0},"end":{"line":39,"column":18}},"39":{"start":{"line":40,"column":0},"end":{"line":40,"column":13}},"42":{"start":{"line":43,"column":0},"end":{"line":43,"column":3}},"43":{"start":{"line":44,"column":0},"end":{"line":44,"column":49}},"44":{"start":{"line":45,"column":0},"end":{"line":45,"column":1}},"54":{"start":{"line":55,"column":0},"end":{"line":55,"column":17}},"55":{"start":{"line":56,"column":0},"end":{"line":56,"column":27}},"56":{"start":{"line":57,"column":0},"end":{"line":57,"column":40}},"57":{"start":{"line":58,"column":0},"end":{"line":58,"column":17}},"58":{"start":{"line":59,"column":0},"end":{"line":59,"column":15}},"59":{"start":{"line":60,"column":0},"end":{"line":60,"column":3}},"60":{"start":{"line":61,"column":0},"end":{"line":61,"column":23}},"61":{"start":{"line":62,"column":0},"end":{"line":62,"column":51}},"62":{"start":{"line":63,"column":0},"end":{"line":63,"column":43}},"63":{"start":{"line":64,"column":0},"end":{"line":64,"column":23}},"64":{"start":{"line":65,"column":0},"end":{"line":65,"column":60}},"65":{"start":{"line":66,"column":0},"end":{"line":66,"column":40}},"66":{"start":{"line":67,"column":0},"end":{"line":67,"column":32}},"67":{"start":{"line":68,"column":0},"end":{"line":68,"column":21}},"68":{"start":{"line":69,"column":0},"end":{"line":69,"column":110}},"69":{"start":{"line":70,"column":0},"end":{"line":70,"column":15}},"70":{"start":{"line":71,"column":0},"end":{"line":71,"column":10}},"71":{"start":{"line":72,"column":0},"end":{"line":72,"column":7}},"72":{"start":{"line":73,"column":0},"end":{"line":73,"column":1}},"97":{"start":{"line":98,"column":0},"end":{"line":98,"column":44}},"98":{"start":{"line":99,"column":0},"end":{"line":99,"column":77}},"99":{"start":{"line":100,"column":0},"end":{"line":100,"column":1}},"104":{"start":{"line":105,"column":0},"end":{"line":105,"column":37}},"105":{"start":{"line":106,"column":0},"end":{"line":106,"column":55}},"106":{"start":{"line":107,"column":0},"end":{"line":107,"column":56}},"109":{"start":{"line":110,"column":0},"end":{"line":110,"column":59}},"112":{"start":{"line":113,"column":0},"end":{"line":113,"column":68}},"113":{"start":{"line":114,"column":0},"end":{"line":114,"column":26}},"116":{"start":{"line":117,"column":0},"end":{"line":117,"column":70}},"117":{"start":{"line":118,"column":0},"end":{"line":118,"column":41}},"118":{"start":{"line":119,"column":0},"end":{"line":119,"column":47}},"119":{"start":{"line":120,"column":0},"end":{"line":120,"column":48}},"120":{"start":{"line":121,"column":0},"end":{"line":121,"column":47}},"121":{"start":{"line":122,"column":0},"end":{"line":122,"column":52}},"122":{"start":{"line":123,"column":0},"end":{"line":123,"column":49}},"125":{"start":{"line":126,"column":0},"end":{"line":126,"column":62}},"126":{"start":{"line":127,"column":0},"end":{"line":127,"column":47}},"127":{"start":{"line":128,"column":0},"end":{"line":128,"column":32}},"128":{"start":{"line":129,"column":0},"end":{"line":129,"column":59}},"129":{"start":{"line":130,"column":0},"end":{"line":130,"column":95}},"130":{"start":{"line":131,"column":0},"end":{"line":131,"column":37}},"131":{"start":{"line":132,"column":0},"end":{"line":132,"column":45}},"132":{"start":{"line":133,"column":0},"end":{"line":133,"column":27}},"133":{"start":{"line":134,"column":0},"end":{"line":134,"column":21}},"134":{"start":{"line":135,"column":0},"end":{"line":135,"column":45}},"135":{"start":{"line":136,"column":0},"end":{"line":136,"column":59}},"136":{"start":{"line":137,"column":0},"end":{"line":137,"column":123}},"137":{"start":{"line":138,"column":0},"end":{"line":138,"column":37}},"138":{"start":{"line":139,"column":0},"end":{"line":139,"column":45}},"139":{"start":{"line":140,"column":0},"end":{"line":140,"column":27}},"140":{"start":{"line":141,"column":0},"end":{"line":141,"column":21}},"142":{"start":{"line":143,"column":0},"end":{"line":143,"column":50}},"143":{"start":{"line":144,"column":0},"end":{"line":144,"column":66}},"144":{"start":{"line":145,"column":0},"end":{"line":145,"column":64}},"145":{"start":{"line":146,"column":0},"end":{"line":146,"column":32}},"146":{"start":{"line":147,"column":0},"end":{"line":147,"column":39}},"147":{"start":{"line":148,"column":0},"end":{"line":148,"column":25}},"148":{"start":{"line":149,"column":0},"end":{"line":149,"column":55}},"149":{"start":{"line":150,"column":0},"end":{"line":150,"column":50}},"150":{"start":{"line":151,"column":0},"end":{"line":151,"column":26}},"151":{"start":{"line":152,"column":0},"end":{"line":152,"column":22}},"154":{"start":{"line":155,"column":0},"end":{"line":155,"column":62}},"155":{"start":{"line":156,"column":0},"end":{"line":156,"column":44}},"156":{"start":{"line":157,"column":0},"end":{"line":157,"column":23}},"162":{"start":{"line":163,"column":0},"end":{"line":163,"column":31}},"163":{"start":{"line":164,"column":0},"end":{"line":164,"column":46}},"164":{"start":{"line":165,"column":0},"end":{"line":165,"column":25}},"165":{"start":{"line":166,"column":0},"end":{"line":166,"column":39}},"166":{"start":{"line":167,"column":0},"end":{"line":167,"column":61}},"167":{"start":{"line":168,"column":0},"end":{"line":168,"column":60}},"168":{"start":{"line":169,"column":0},"end":{"line":169,"column":45}},"169":{"start":{"line":170,"column":0},"end":{"line":170,"column":40}},"170":{"start":{"line":171,"column":0},"end":{"line":171,"column":83}},"171":{"start":{"line":172,"column":0},"end":{"line":172,"column":29}},"172":{"start":{"line":173,"column":0},"end":{"line":173,"column":54}},"173":{"start":{"line":174,"column":0},"end":{"line":174,"column":61}},"174":{"start":{"line":175,"column":0},"end":{"line":175,"column":37}},"175":{"start":{"line":176,"column":0},"end":{"line":176,"column":34}},"176":{"start":{"line":177,"column":0},"end":{"line":177,"column":30}},"178":{"start":{"line":179,"column":0},"end":{"line":179,"column":89}},"179":{"start":{"line":180,"column":0},"end":{"line":180,"column":74}},"180":{"start":{"line":181,"column":0},"end":{"line":181,"column":25}},"181":{"start":{"line":182,"column":0},"end":{"line":182,"column":64}},"182":{"start":{"line":183,"column":0},"end":{"line":183,"column":32}},"183":{"start":{"line":184,"column":0},"end":{"line":184,"column":44}},"184":{"start":{"line":185,"column":0},"end":{"line":185,"column":44}},"185":{"start":{"line":186,"column":0},"end":{"line":186,"column":33}},"186":{"start":{"line":187,"column":0},"end":{"line":187,"column":26}},"187":{"start":{"line":188,"column":0},"end":{"line":188,"column":31}},"188":{"start":{"line":189,"column":0},"end":{"line":189,"column":40}},"189":{"start":{"line":190,"column":0},"end":{"line":190,"column":63}},"190":{"start":{"line":191,"column":0},"end":{"line":191,"column":121}},"191":{"start":{"line":192,"column":0},"end":{"line":192,"column":47}},"192":{"start":{"line":193,"column":0},"end":{"line":193,"column":53}},"193":{"start":{"line":194,"column":0},"end":{"line":194,"column":31}},"194":{"start":{"line":195,"column":0},"end":{"line":195,"column":25}},"195":{"start":{"line":196,"column":0},"end":{"line":196,"column":21}},"198":{"start":{"line":199,"column":0},"end":{"line":199,"column":69}},"203":{"start":{"line":204,"column":0},"end":{"line":204,"column":44}},"204":{"start":{"line":205,"column":0},"end":{"line":205,"column":37}},"205":{"start":{"line":206,"column":0},"end":{"line":206,"column":29}},"206":{"start":{"line":207,"column":0},"end":{"line":207,"column":46}},"207":{"start":{"line":208,"column":0},"end":{"line":208,"column":33}},"208":{"start":{"line":209,"column":0},"end":{"line":209,"column":53}},"209":{"start":{"line":210,"column":0},"end":{"line":210,"column":31}},"210":{"start":{"line":211,"column":0},"end":{"line":211,"column":56}},"211":{"start":{"line":212,"column":0},"end":{"line":212,"column":26}},"212":{"start":{"line":213,"column":0},"end":{"line":213,"column":23}},"213":{"start":{"line":214,"column":0},"end":{"line":214,"column":43}},"214":{"start":{"line":215,"column":0},"end":{"line":215,"column":11}},"215":{"start":{"line":216,"column":0},"end":{"line":216,"column":6}},"216":{"start":{"line":217,"column":0},"end":{"line":217,"column":25}},"217":{"start":{"line":218,"column":0},"end":{"line":218,"column":3}},"222":{"start":{"line":223,"column":0},"end":{"line":223,"column":22}},"223":{"start":{"line":224,"column":0},"end":{"line":224,"column":35}},"224":{"start":{"line":225,"column":0},"end":{"line":225,"column":35}},"225":{"start":{"line":226,"column":0},"end":{"line":226,"column":7}},"226":{"start":{"line":227,"column":0},"end":{"line":227,"column":2}},"236":{"start":{"line":237,"column":0},"end":{"line":237,"column":56}},"239":{"start":{"line":240,"column":0},"end":{"line":240,"column":32}},"240":{"start":{"line":241,"column":0},"end":{"line":241,"column":9}},"241":{"start":{"line":242,"column":0},"end":{"line":242,"column":22}},"242":{"start":{"line":243,"column":0},"end":{"line":243,"column":22}},"243":{"start":{"line":244,"column":0},"end":{"line":244,"column":30}}},"s":{"0":0,"7":0,"13":0,"17":0,"18":0,"19":0,"20":0,"21":0,"22":0,"23":0,"24":0,"25":0,"26":0,"27":0,"28":0,"29":0,"30":0,"38":0,"39":0,"42":0,"43":0,"44":0,"54":0,"55":0,"56":0,"57":0,"58":0,"59":0,"60":0,"61":0,"62":0,"63":0,"64":0,"65":0,"66":0,"67":0,"68":0,"69":0,"70":0,"71":0,"72":0,"97":0,"98":0,"99":0,"104":0,"105":0,"106":0,"109":0,"112":0,"113":0,"116":0,"117":0,"118":0,"119":0,"120":0,"121":0,"122":0,"125":0,"126":0,"127":0,"128":0,"129":0,"130":0,"131":0,"132":0,"133":0,"134":0,"135":0,"136":0,"137":0,"138":0,"139":0,"140":0,"142":0,"143":0,"144":0,"145":0,"146":0,"147":0,"148":0,"149":0,"150":0,"151":0,"154":0,"155":0,"156":0,"162":0,"163":0,"164":0,"165":0,"166":0,"167":0,"168":0,"169":0,"170":0,"171":0,"172":0,"173":0,"174":0,"175":0,"176":0,"178":0,"179":0,"180":0,"181":0,"182":0,"183":0,"184":0,"185":0,"186":0,"187":0,"188":0,"189":0,"190":0,"191":0,"192":0,"193":0,"194":0,"195":0,"198":0,"203":0,"204":0,"205":0,"206":0,"207":0,"208":0,"209":0,"210":0,"211":0,"212":0,"213":0,"214":0,"215":0,"216":0,"217":0,"222":0,"223":0,"224":0,"225":0,"226":0,"236":0,"239":0,"240":0,"241":0,"242":0,"243":0},"branchMap":{"0":{"type":"branch","line":1,"loc":{"start":{"line":1,"column":8763},"end":{"line":244,"column":30}},"locations":[{"start":{"line":1,"column":8763},"end":{"line":244,"column":30}}]}},"b":{"0":[0]},"fnMap":{"0":{"name":"(empty-report)","decl":{"start":{"line":1,"column":8763},"end":{"line":244,"column":30}},"loc":{"start":{"line":1,"column":8763},"end":{"line":244,"column":30}},"line":1}},"f":{"0":0}}
}
